mkdir: cannot create directory ‘mongodb’: File exists
about to fork child process, waiting until server is ready for connections.
forked process: 3815711
child process started successfully, parent exiting
Current time: 20250426_183829, num_cpus[16], num_gpus[4], num_train_samples[10000], batch_size[16], epoches[10]
INFO:__main__:Initializing Spark...
INFO:__main__:16 cores for spark
:: loading settings :: url = jar:file:/home/yzhengbs/anaconda3/envs/5003/lib/python3.9/site-packages/pyspark/jars/ivy-2.5.1.jar!/org/apache/ivy/core/settings/ivysettings.xml
Ivy Default Cache set to: /home/yzhengbs/.ivy2/cache
The jars for the packages stored in: /home/yzhengbs/.ivy2/jars
org.mongodb.spark#mongo-spark-connector_2.12 added as a dependency
:: resolving dependencies :: org.apache.spark#spark-submit-parent-d0081a1f-65c7-4515-8a79-e30c2be720cb;1.0
	confs: [default]
	found org.mongodb.spark#mongo-spark-connector_2.12;3.0.1 in central
	found org.mongodb#mongodb-driver-sync;4.0.5 in central
	found org.mongodb#bson;4.0.5 in central
	found org.mongodb#mongodb-driver-core;4.0.5 in central
:: resolution report :: resolve 141ms :: artifacts dl 12ms
	:: modules in use:
	org.mongodb#bson;4.0.5 from central in [default]
	org.mongodb#mongodb-driver-core;4.0.5 from central in [default]
	org.mongodb#mongodb-driver-sync;4.0.5 from central in [default]
	org.mongodb.spark#mongo-spark-connector_2.12;3.0.1 from central in [default]
	---------------------------------------------------------------------
	|                  |            modules            ||   artifacts   |
	|       conf       | number| search|dwnlded|evicted|| number|dwnlded|
	---------------------------------------------------------------------
	|      default     |   4   |   0   |   0   |   0   ||   4   |   0   |
	---------------------------------------------------------------------
:: retrieving :: org.apache.spark#spark-submit-parent-d0081a1f-65c7-4515-8a79-e30c2be720cb
	confs: [default]
	0 artifacts copied, 4 already retrieved (0kB/4ms)
25/04/26 10:38:36 WARN NativeCodeLoader: Unable to load native-hadoop library for your platform... using builtin-java classes where applicable
Setting default log level to "WARN".
To adjust logging level use sc.setLogLevel(newLevel). For SparkR, use setLogLevel(newLevel).
INFO:__main__:No cached Parquet files found. Running full pipeline...
INFO:__main__:Loading data to MongoDB...
INFO:__main__:Loading IMDB dataset...
INFO:__main__:Loading SST-2 dataset...
INFO:__main__:Writing datasets to MongoDB...
25/04/26 10:38:58 WARN TaskSetManager: Stage 0 contains a task of very large size (3984 KiB). The maximum recommended task size is 1000 KiB.
[Stage 0:>                                                        (0 + 16) / 16]25/04/26 10:39:29 ERROR Executor: Exception in task 8.0 in stage 0.0 (TID 8)
com.mongodb.MongoTimeoutException: Timed out after 30000 ms while waiting to connect. Client view of cluster state is {type=UNKNOWN, servers=[{address=localhost:27017, type=UNKNOWN, state=CONNECTING, exception={com.mongodb.MongoSocketOpenException: Exception opening socket}, caused by {java.net.ConnectException: Connection refused (Connection refused)}}]
	at com.mongodb.internal.connection.BaseCluster.getDescription(BaseCluster.java:177)
	at com.mongodb.internal.connection.SingleServerCluster.getDescription(SingleServerCluster.java:41)
	at com.mongodb.client.internal.MongoClientDelegate.getConnectedClusterDescription(MongoClientDelegate.java:147)
	at com.mongodb.client.internal.MongoClientDelegate.createClientSession(MongoClientDelegate.java:98)
	at com.mongodb.client.internal.MongoClientDelegate$DelegateOperationExecutor.getClientSession(MongoClientDelegate.java:278)
	at com.mongodb.client.internal.MongoClientDelegate$DelegateOperationExecutor.execute(MongoClientDelegate.java:202)
	at com.mongodb.client.internal.MongoCollectionImpl.executeBulkWrite(MongoCollectionImpl.java:441)
	at com.mongodb.client.internal.MongoCollectionImpl.bulkWrite(MongoCollectionImpl.java:421)
	at com.mongodb.spark.MongoSpark$.$anonfun$save$4(MongoSpark.scala:138)
	at scala.collection.Iterator.foreach(Iterator.scala:943)
	at scala.collection.Iterator.foreach$(Iterator.scala:943)
	at scala.collection.AbstractIterator.foreach(Iterator.scala:1431)
	at com.mongodb.spark.MongoSpark$.$anonfun$save$3(MongoSpark.scala:122)
	at com.mongodb.spark.MongoSpark$.$anonfun$save$3$adapted(MongoSpark.scala:121)
	at com.mongodb.spark.MongoConnector.$anonfun$withCollectionDo$1(MongoConnector.scala:186)
	at com.mongodb.spark.MongoConnector.$anonfun$withDatabaseDo$1(MongoConnector.scala:171)
	at com.mongodb.spark.MongoConnector.withMongoClientDo(MongoConnector.scala:154)
	at com.mongodb.spark.MongoConnector.withDatabaseDo(MongoConnector.scala:171)
	at com.mongodb.spark.MongoConnector.withCollectionDo(MongoConnector.scala:184)
	at com.mongodb.spark.MongoSpark$.$anonfun$save$2(MongoSpark.scala:121)
	at com.mongodb.spark.MongoSpark$.$anonfun$save$2$adapted(MongoSpark.scala:120)
	at org.apache.spark.rdd.RDD.$anonfun$foreachPartition$2(RDD.scala:1039)
	at org.apache.spark.rdd.RDD.$anonfun$foreachPartition$2$adapted(RDD.scala:1039)
	at org.apache.spark.SparkContext.$anonfun$runJob$5(SparkContext.scala:2433)
	at org.apache.spark.scheduler.ResultTask.runTask(ResultTask.scala:93)
	at org.apache.spark.TaskContext.runTaskWithListeners(TaskContext.scala:166)
	at org.apache.spark.scheduler.Task.run(Task.scala:141)
	at org.apache.spark.executor.Executor$TaskRunner.$anonfun$run$4(Executor.scala:620)
	at org.apache.spark.util.SparkErrorUtils.tryWithSafeFinally(SparkErrorUtils.scala:64)
	at org.apache.spark.util.SparkErrorUtils.tryWithSafeFinally$(SparkErrorUtils.scala:61)
	at org.apache.spark.util.Utils$.tryWithSafeFinally(Utils.scala:94)
	at org.apache.spark.executor.Executor$TaskRunner.run(Executor.scala:623)
	at java.util.concurrent.ThreadPoolExecutor.runWorker(ThreadPoolExecutor.java:1149)
	at java.util.concurrent.ThreadPoolExecutor$Worker.run(ThreadPoolExecutor.java:624)
	at java.lang.Thread.run(Thread.java:750)
25/04/26 10:39:29 ERROR Executor: Exception in task 11.0 in stage 0.0 (TID 11)
com.mongodb.MongoTimeoutException: Timed out after 30000 ms while waiting to connect. Client view of cluster state is {type=UNKNOWN, servers=[{address=localhost:27017, type=UNKNOWN, state=CONNECTING, exception={com.mongodb.MongoSocketOpenException: Exception opening socket}, caused by {java.net.ConnectException: Connection refused (Connection refused)}}]
	at com.mongodb.internal.connection.BaseCluster.getDescription(BaseCluster.java:177)
	at com.mongodb.internal.connection.SingleServerCluster.getDescription(SingleServerCluster.java:41)
	at com.mongodb.client.internal.MongoClientDelegate.getConnectedClusterDescription(MongoClientDelegate.java:147)
	at com.mongodb.client.internal.MongoClientDelegate.createClientSession(MongoClientDelegate.java:98)
	at com.mongodb.client.internal.MongoClientDelegate$DelegateOperationExecutor.getClientSession(MongoClientDelegate.java:278)
	at com.mongodb.client.internal.MongoClientDelegate$DelegateOperationExecutor.execute(MongoClientDelegate.java:202)
	at com.mongodb.client.internal.MongoCollectionImpl.executeBulkWrite(MongoCollectionImpl.java:441)
	at com.mongodb.client.internal.MongoCollectionImpl.bulkWrite(MongoCollectionImpl.java:421)
	at com.mongodb.spark.MongoSpark$.$anonfun$save$4(MongoSpark.scala:138)
	at scala.collection.Iterator.foreach(Iterator.scala:943)
	at scala.collection.Iterator.foreach$(Iterator.scala:943)
	at scala.collection.AbstractIterator.foreach(Iterator.scala:1431)
	at com.mongodb.spark.MongoSpark$.$anonfun$save$3(MongoSpark.scala:122)
	at com.mongodb.spark.MongoSpark$.$anonfun$save$3$adapted(MongoSpark.scala:121)
	at com.mongodb.spark.MongoConnector.$anonfun$withCollectionDo$1(MongoConnector.scala:186)
	at com.mongodb.spark.MongoConnector.$anonfun$withDatabaseDo$1(MongoConnector.scala:171)
	at com.mongodb.spark.MongoConnector.withMongoClientDo(MongoConnector.scala:154)
	at com.mongodb.spark.MongoConnector.withDatabaseDo(MongoConnector.scala:171)
	at com.mongodb.spark.MongoConnector.withCollectionDo(MongoConnector.scala:184)
	at com.mongodb.spark.MongoSpark$.$anonfun$save$2(MongoSpark.scala:121)
	at com.mongodb.spark.MongoSpark$.$anonfun$save$2$adapted(MongoSpark.scala:120)
	at org.apache.spark.rdd.RDD.$anonfun$foreachPartition$2(RDD.scala:1039)
	at org.apache.spark.rdd.RDD.$anonfun$foreachPartition$2$adapted(RDD.scala:1039)
	at org.apache.spark.SparkContext.$anonfun$runJob$5(SparkContext.scala:2433)
	at org.apache.spark.scheduler.ResultTask.runTask(ResultTask.scala:93)
	at org.apache.spark.TaskContext.runTaskWithListeners(TaskContext.scala:166)
	at org.apache.spark.scheduler.Task.run(Task.scala:141)
	at org.apache.spark.executor.Executor$TaskRunner.$anonfun$run$4(Executor.scala:620)
	at org.apache.spark.util.SparkErrorUtils.tryWithSafeFinally(SparkErrorUtils.scala:64)
	at org.apache.spark.util.SparkErrorUtils.tryWithSafeFinally$(SparkErrorUtils.scala:61)
	at org.apache.spark.util.Utils$.tryWithSafeFinally(Utils.scala:94)
	at org.apache.spark.executor.Executor$TaskRunner.run(Executor.scala:623)
	at java.util.concurrent.ThreadPoolExecutor.runWorker(ThreadPoolExecutor.java:1149)
	at java.util.concurrent.ThreadPoolExecutor$Worker.run(ThreadPoolExecutor.java:624)
	at java.lang.Thread.run(Thread.java:750)
25/04/26 10:39:29 ERROR Executor: Exception in task 15.0 in stage 0.0 (TID 15)
com.mongodb.MongoTimeoutException: Timed out after 30000 ms while waiting to connect. Client view of cluster state is {type=UNKNOWN, servers=[{address=localhost:27017, type=UNKNOWN, state=CONNECTING, exception={com.mongodb.MongoSocketOpenException: Exception opening socket}, caused by {java.net.ConnectException: Connection refused (Connection refused)}}]
	at com.mongodb.internal.connection.BaseCluster.getDescription(BaseCluster.java:177)
	at com.mongodb.internal.connection.SingleServerCluster.getDescription(SingleServerCluster.java:41)
	at com.mongodb.client.internal.MongoClientDelegate.getConnectedClusterDescription(MongoClientDelegate.java:147)
	at com.mongodb.client.internal.MongoClientDelegate.createClientSession(MongoClientDelegate.java:98)
	at com.mongodb.client.internal.MongoClientDelegate$DelegateOperationExecutor.getClientSession(MongoClientDelegate.java:278)
	at com.mongodb.client.internal.MongoClientDelegate$DelegateOperationExecutor.execute(MongoClientDelegate.java:202)
	at com.mongodb.client.internal.MongoCollectionImpl.executeBulkWrite(MongoCollectionImpl.java:441)
	at com.mongodb.client.internal.MongoCollectionImpl.bulkWrite(MongoCollectionImpl.java:421)
	at com.mongodb.spark.MongoSpark$.$anonfun$save$4(MongoSpark.scala:138)
	at scala.collection.Iterator.foreach(Iterator.scala:943)
	at scala.collection.Iterator.foreach$(Iterator.scala:943)
	at scala.collection.AbstractIterator.foreach(Iterator.scala:1431)
	at com.mongodb.spark.MongoSpark$.$anonfun$save$3(MongoSpark.scala:122)
	at com.mongodb.spark.MongoSpark$.$anonfun$save$3$adapted(MongoSpark.scala:121)
	at com.mongodb.spark.MongoConnector.$anonfun$withCollectionDo$1(MongoConnector.scala:186)
	at com.mongodb.spark.MongoConnector.$anonfun$withDatabaseDo$1(MongoConnector.scala:171)
	at com.mongodb.spark.MongoConnector.withMongoClientDo(MongoConnector.scala:154)
	at com.mongodb.spark.MongoConnector.withDatabaseDo(MongoConnector.scala:171)
	at com.mongodb.spark.MongoConnector.withCollectionDo(MongoConnector.scala:184)
	at com.mongodb.spark.MongoSpark$.$anonfun$save$2(MongoSpark.scala:121)
	at com.mongodb.spark.MongoSpark$.$anonfun$save$2$adapted(MongoSpark.scala:120)
	at org.apache.spark.rdd.RDD.$anonfun$foreachPartition$2(RDD.scala:1039)
	at org.apache.spark.rdd.RDD.$anonfun$foreachPartition$2$adapted(RDD.scala:1039)
	at org.apache.spark.SparkContext.$anonfun$runJob$5(SparkContext.scala:2433)
	at org.apache.spark.scheduler.ResultTask.runTask(ResultTask.scala:93)
	at org.apache.spark.TaskContext.runTaskWithListeners(TaskContext.scala:166)
	at org.apache.spark.scheduler.Task.run(Task.scala:141)
	at org.apache.spark.executor.Executor$TaskRunner.$anonfun$run$4(Executor.scala:620)
	at org.apache.spark.util.SparkErrorUtils.tryWithSafeFinally(SparkErrorUtils.scala:64)
	at org.apache.spark.util.SparkErrorUtils.tryWithSafeFinally$(SparkErrorUtils.scala:61)
	at org.apache.spark.util.Utils$.tryWithSafeFinally(Utils.scala:94)
	at org.apache.spark.executor.Executor$TaskRunner.run(Executor.scala:623)
	at java.util.concurrent.ThreadPoolExecutor.runWorker(ThreadPoolExecutor.java:1149)
	at java.util.concurrent.ThreadPoolExecutor$Worker.run(ThreadPoolExecutor.java:624)
	at java.lang.Thread.run(Thread.java:750)
25/04/26 10:39:29 ERROR Executor: Exception in task 9.0 in stage 0.0 (TID 9)
com.mongodb.MongoTimeoutException: Timed out after 30000 ms while waiting to connect. Client view of cluster state is {type=UNKNOWN, servers=[{address=localhost:27017, type=UNKNOWN, state=CONNECTING, exception={com.mongodb.MongoSocketOpenException: Exception opening socket}, caused by {java.net.ConnectException: Connection refused (Connection refused)}}]
	at com.mongodb.internal.connection.BaseCluster.getDescription(BaseCluster.java:177)
	at com.mongodb.internal.connection.SingleServerCluster.getDescription(SingleServerCluster.java:41)
	at com.mongodb.client.internal.MongoClientDelegate.getConnectedClusterDescription(MongoClientDelegate.java:147)
	at com.mongodb.client.internal.MongoClientDelegate.createClientSession(MongoClientDelegate.java:98)
	at com.mongodb.client.internal.MongoClientDelegate$DelegateOperationExecutor.getClientSession(MongoClientDelegate.java:278)
	at com.mongodb.client.internal.MongoClientDelegate$DelegateOperationExecutor.execute(MongoClientDelegate.java:202)
	at com.mongodb.client.internal.MongoCollectionImpl.executeBulkWrite(MongoCollectionImpl.java:441)
	at com.mongodb.client.internal.MongoCollectionImpl.bulkWrite(MongoCollectionImpl.java:421)
	at com.mongodb.spark.MongoSpark$.$anonfun$save$4(MongoSpark.scala:138)
	at scala.collection.Iterator.foreach(Iterator.scala:943)
	at scala.collection.Iterator.foreach$(Iterator.scala:943)
	at scala.collection.AbstractIterator.foreach(Iterator.scala:1431)
	at com.mongodb.spark.MongoSpark$.$anonfun$save$3(MongoSpark.scala:122)
	at com.mongodb.spark.MongoSpark$.$anonfun$save$3$adapted(MongoSpark.scala:121)
	at com.mongodb.spark.MongoConnector.$anonfun$withCollectionDo$1(MongoConnector.scala:186)
	at com.mongodb.spark.MongoConnector.$anonfun$withDatabaseDo$1(MongoConnector.scala:171)
	at com.mongodb.spark.MongoConnector.withMongoClientDo(MongoConnector.scala:154)
	at com.mongodb.spark.MongoConnector.withDatabaseDo(MongoConnector.scala:171)
	at com.mongodb.spark.MongoConnector.withCollectionDo(MongoConnector.scala:184)
	at com.mongodb.spark.MongoSpark$.$anonfun$save$2(MongoSpark.scala:121)
	at com.mongodb.spark.MongoSpark$.$anonfun$save$2$adapted(MongoSpark.scala:120)
	at org.apache.spark.rdd.RDD.$anonfun$foreachPartition$2(RDD.scala:1039)
	at org.apache.spark.rdd.RDD.$anonfun$foreachPartition$2$adapted(RDD.scala:1039)
	at org.apache.spark.SparkContext.$anonfun$runJob$5(SparkContext.scala:2433)
	at org.apache.spark.scheduler.ResultTask.runTask(ResultTask.scala:93)
	at org.apache.spark.TaskContext.runTaskWithListeners(TaskContext.scala:166)
	at org.apache.spark.scheduler.Task.run(Task.scala:141)
	at org.apache.spark.executor.Executor$TaskRunner.$anonfun$run$4(Executor.scala:620)
	at org.apache.spark.util.SparkErrorUtils.tryWithSafeFinally(SparkErrorUtils.scala:64)
	at org.apache.spark.util.SparkErrorUtils.tryWithSafeFinally$(SparkErrorUtils.scala:61)
	at org.apache.spark.util.Utils$.tryWithSafeFinally(Utils.scala:94)
	at org.apache.spark.executor.Executor$TaskRunner.run(Executor.scala:623)
	at java.util.concurrent.ThreadPoolExecutor.runWorker(ThreadPoolExecutor.java:1149)
	at java.util.concurrent.ThreadPoolExecutor$Worker.run(ThreadPoolExecutor.java:624)
	at java.lang.Thread.run(Thread.java:750)
25/04/26 10:39:29 ERROR Executor: Exception in task 7.0 in stage 0.0 (TID 7)
com.mongodb.MongoTimeoutException: Timed out after 30000 ms while waiting to connect. Client view of cluster state is {type=UNKNOWN, servers=[{address=localhost:27017, type=UNKNOWN, state=CONNECTING, exception={com.mongodb.MongoSocketOpenException: Exception opening socket}, caused by {java.net.ConnectException: Connection refused (Connection refused)}}]
	at com.mongodb.internal.connection.BaseCluster.getDescription(BaseCluster.java:177)
	at com.mongodb.internal.connection.SingleServerCluster.getDescription(SingleServerCluster.java:41)
	at com.mongodb.client.internal.MongoClientDelegate.getConnectedClusterDescription(MongoClientDelegate.java:147)
	at com.mongodb.client.internal.MongoClientDelegate.createClientSession(MongoClientDelegate.java:98)
	at com.mongodb.client.internal.MongoClientDelegate$DelegateOperationExecutor.getClientSession(MongoClientDelegate.java:278)
	at com.mongodb.client.internal.MongoClientDelegate$DelegateOperationExecutor.execute(MongoClientDelegate.java:202)
	at com.mongodb.client.internal.MongoCollectionImpl.executeBulkWrite(MongoCollectionImpl.java:441)
	at com.mongodb.client.internal.MongoCollectionImpl.bulkWrite(MongoCollectionImpl.java:421)
	at com.mongodb.spark.MongoSpark$.$anonfun$save$4(MongoSpark.scala:138)
	at scala.collection.Iterator.foreach(Iterator.scala:943)
	at scala.collection.Iterator.foreach$(Iterator.scala:943)
	at scala.collection.AbstractIterator.foreach(Iterator.scala:1431)
	at com.mongodb.spark.MongoSpark$.$anonfun$save$3(MongoSpark.scala:122)
	at com.mongodb.spark.MongoSpark$.$anonfun$save$3$adapted(MongoSpark.scala:121)
	at com.mongodb.spark.MongoConnector.$anonfun$withCollectionDo$1(MongoConnector.scala:186)
	at com.mongodb.spark.MongoConnector.$anonfun$withDatabaseDo$1(MongoConnector.scala:171)
	at com.mongodb.spark.MongoConnector.withMongoClientDo(MongoConnector.scala:154)
	at com.mongodb.spark.MongoConnector.withDatabaseDo(MongoConnector.scala:171)
	at com.mongodb.spark.MongoConnector.withCollectionDo(MongoConnector.scala:184)
	at com.mongodb.spark.MongoSpark$.$anonfun$save$2(MongoSpark.scala:121)
	at com.mongodb.spark.MongoSpark$.$anonfun$save$2$adapted(MongoSpark.scala:120)
	at org.apache.spark.rdd.RDD.$anonfun$foreachPartition$2(RDD.scala:1039)
	at org.apache.spark.rdd.RDD.$anonfun$foreachPartition$2$adapted(RDD.scala:1039)
	at org.apache.spark.SparkContext.$anonfun$runJob$5(SparkContext.scala:2433)
	at org.apache.spark.scheduler.ResultTask.runTask(ResultTask.scala:93)
	at org.apache.spark.TaskContext.runTaskWithListeners(TaskContext.scala:166)
	at org.apache.spark.scheduler.Task.run(Task.scala:141)
	at org.apache.spark.executor.Executor$TaskRunner.$anonfun$run$4(Executor.scala:620)
	at org.apache.spark.util.SparkErrorUtils.tryWithSafeFinally(SparkErrorUtils.scala:64)
	at org.apache.spark.util.SparkErrorUtils.tryWithSafeFinally$(SparkErrorUtils.scala:61)
	at org.apache.spark.util.Utils$.tryWithSafeFinally(Utils.scala:94)
	at org.apache.spark.executor.Executor$TaskRunner.run(Executor.scala:623)
	at java.util.concurrent.ThreadPoolExecutor.runWorker(ThreadPoolExecutor.java:1149)
	at java.util.concurrent.ThreadPoolExecutor$Worker.run(ThreadPoolExecutor.java:624)
	at java.lang.Thread.run(Thread.java:750)
25/04/26 10:39:29 ERROR Executor: Exception in task 13.0 in stage 0.0 (TID 13)
com.mongodb.MongoTimeoutException: Timed out after 30000 ms while waiting to connect. Client view of cluster state is {type=UNKNOWN, servers=[{address=localhost:27017, type=UNKNOWN, state=CONNECTING, exception={com.mongodb.MongoSocketOpenException: Exception opening socket}, caused by {java.net.ConnectException: Connection refused (Connection refused)}}]
	at com.mongodb.internal.connection.BaseCluster.getDescription(BaseCluster.java:177)
	at com.mongodb.internal.connection.SingleServerCluster.getDescription(SingleServerCluster.java:41)
	at com.mongodb.client.internal.MongoClientDelegate.getConnectedClusterDescription(MongoClientDelegate.java:147)
	at com.mongodb.client.internal.MongoClientDelegate.createClientSession(MongoClientDelegate.java:98)
	at com.mongodb.client.internal.MongoClientDelegate$DelegateOperationExecutor.getClientSession(MongoClientDelegate.java:278)
	at com.mongodb.client.internal.MongoClientDelegate$DelegateOperationExecutor.execute(MongoClientDelegate.java:202)
	at com.mongodb.client.internal.MongoCollectionImpl.executeBulkWrite(MongoCollectionImpl.java:441)
	at com.mongodb.client.internal.MongoCollectionImpl.bulkWrite(MongoCollectionImpl.java:421)
	at com.mongodb.spark.MongoSpark$.$anonfun$save$4(MongoSpark.scala:138)
	at scala.collection.Iterator.foreach(Iterator.scala:943)
	at scala.collection.Iterator.foreach$(Iterator.scala:943)
	at scala.collection.AbstractIterator.foreach(Iterator.scala:1431)
	at com.mongodb.spark.MongoSpark$.$anonfun$save$3(MongoSpark.scala:122)
	at com.mongodb.spark.MongoSpark$.$anonfun$save$3$adapted(MongoSpark.scala:121)
	at com.mongodb.spark.MongoConnector.$anonfun$withCollectionDo$1(MongoConnector.scala:186)
	at com.mongodb.spark.MongoConnector.$anonfun$withDatabaseDo$1(MongoConnector.scala:171)
	at com.mongodb.spark.MongoConnector.withMongoClientDo(MongoConnector.scala:154)
	at com.mongodb.spark.MongoConnector.withDatabaseDo(MongoConnector.scala:171)
	at com.mongodb.spark.MongoConnector.withCollectionDo(MongoConnector.scala:184)
	at com.mongodb.spark.MongoSpark$.$anonfun$save$2(MongoSpark.scala:121)
	at com.mongodb.spark.MongoSpark$.$anonfun$save$2$adapted(MongoSpark.scala:120)
	at org.apache.spark.rdd.RDD.$anonfun$foreachPartition$2(RDD.scala:1039)
	at org.apache.spark.rdd.RDD.$anonfun$foreachPartition$2$adapted(RDD.scala:1039)
	at org.apache.spark.SparkContext.$anonfun$runJob$5(SparkContext.scala:2433)
	at org.apache.spark.scheduler.ResultTask.runTask(ResultTask.scala:93)
	at org.apache.spark.TaskContext.runTaskWithListeners(TaskContext.scala:166)
	at org.apache.spark.scheduler.Task.run(Task.scala:141)
	at org.apache.spark.executor.Executor$TaskRunner.$anonfun$run$4(Executor.scala:620)
	at org.apache.spark.util.SparkErrorUtils.tryWithSafeFinally(SparkErrorUtils.scala:64)
	at org.apache.spark.util.SparkErrorUtils.tryWithSafeFinally$(SparkErrorUtils.scala:61)
	at org.apache.spark.util.Utils$.tryWithSafeFinally(Utils.scala:94)
	at org.apache.spark.executor.Executor$TaskRunner.run(Executor.scala:623)
	at java.util.concurrent.ThreadPoolExecutor.runWorker(ThreadPoolExecutor.java:1149)
	at java.util.concurrent.ThreadPoolExecutor$Worker.run(ThreadPoolExecutor.java:624)
	at java.lang.Thread.run(Thread.java:750)
25/04/26 10:39:29 ERROR Executor: Exception in task 10.0 in stage 0.0 (TID 10)
com.mongodb.MongoTimeoutException: Timed out after 30000 ms while waiting to connect. Client view of cluster state is {type=UNKNOWN, servers=[{address=localhost:27017, type=UNKNOWN, state=CONNECTING, exception={com.mongodb.MongoSocketOpenException: Exception opening socket}, caused by {java.net.ConnectException: Connection refused (Connection refused)}}]
	at com.mongodb.internal.connection.BaseCluster.getDescription(BaseCluster.java:177)
	at com.mongodb.internal.connection.SingleServerCluster.getDescription(SingleServerCluster.java:41)
	at com.mongodb.client.internal.MongoClientDelegate.getConnectedClusterDescription(MongoClientDelegate.java:147)
	at com.mongodb.client.internal.MongoClientDelegate.createClientSession(MongoClientDelegate.java:98)
	at com.mongodb.client.internal.MongoClientDelegate$DelegateOperationExecutor.getClientSession(MongoClientDelegate.java:278)
	at com.mongodb.client.internal.MongoClientDelegate$DelegateOperationExecutor.execute(MongoClientDelegate.java:202)
	at com.mongodb.client.internal.MongoCollectionImpl.executeBulkWrite(MongoCollectionImpl.java:441)
	at com.mongodb.client.internal.MongoCollectionImpl.bulkWrite(MongoCollectionImpl.java:421)
	at com.mongodb.spark.MongoSpark$.$anonfun$save$4(MongoSpark.scala:138)
	at scala.collection.Iterator.foreach(Iterator.scala:943)
	at scala.collection.Iterator.foreach$(Iterator.scala:943)
	at scala.collection.AbstractIterator.foreach(Iterator.scala:1431)
	at com.mongodb.spark.MongoSpark$.$anonfun$save$3(MongoSpark.scala:122)
	at com.mongodb.spark.MongoSpark$.$anonfun$save$3$adapted(MongoSpark.scala:121)
	at com.mongodb.spark.MongoConnector.$anonfun$withCollectionDo$1(MongoConnector.scala:186)
	at com.mongodb.spark.MongoConnector.$anonfun$withDatabaseDo$1(MongoConnector.scala:171)
	at com.mongodb.spark.MongoConnector.withMongoClientDo(MongoConnector.scala:154)
	at com.mongodb.spark.MongoConnector.withDatabaseDo(MongoConnector.scala:171)
	at com.mongodb.spark.MongoConnector.withCollectionDo(MongoConnector.scala:184)
	at com.mongodb.spark.MongoSpark$.$anonfun$save$2(MongoSpark.scala:121)
	at com.mongodb.spark.MongoSpark$.$anonfun$save$2$adapted(MongoSpark.scala:120)
	at org.apache.spark.rdd.RDD.$anonfun$foreachPartition$2(RDD.scala:1039)
	at org.apache.spark.rdd.RDD.$anonfun$foreachPartition$2$adapted(RDD.scala:1039)
	at org.apache.spark.SparkContext.$anonfun$runJob$5(SparkContext.scala:2433)
	at org.apache.spark.scheduler.ResultTask.runTask(ResultTask.scala:93)
	at org.apache.spark.TaskContext.runTaskWithListeners(TaskContext.scala:166)
	at org.apache.spark.scheduler.Task.run(Task.scala:141)
	at org.apache.spark.executor.Executor$TaskRunner.$anonfun$run$4(Executor.scala:620)
	at org.apache.spark.util.SparkErrorUtils.tryWithSafeFinally(SparkErrorUtils.scala:64)
	at org.apache.spark.util.SparkErrorUtils.tryWithSafeFinally$(SparkErrorUtils.scala:61)
	at org.apache.spark.util.Utils$.tryWithSafeFinally(Utils.scala:94)
	at org.apache.spark.executor.Executor$TaskRunner.run(Executor.scala:623)
	at java.util.concurrent.ThreadPoolExecutor.runWorker(ThreadPoolExecutor.java:1149)
	at java.util.concurrent.ThreadPoolExecutor$Worker.run(ThreadPoolExecutor.java:624)
	at java.lang.Thread.run(Thread.java:750)
25/04/26 10:39:29 ERROR Executor: Exception in task 14.0 in stage 0.0 (TID 14)
com.mongodb.MongoTimeoutException: Timed out after 30000 ms while waiting to connect. Client view of cluster state is {type=UNKNOWN, servers=[{address=localhost:27017, type=UNKNOWN, state=CONNECTING, exception={com.mongodb.MongoSocketOpenException: Exception opening socket}, caused by {java.net.ConnectException: Connection refused (Connection refused)}}]
	at com.mongodb.internal.connection.BaseCluster.getDescription(BaseCluster.java:177)
	at com.mongodb.internal.connection.SingleServerCluster.getDescription(SingleServerCluster.java:41)
	at com.mongodb.client.internal.MongoClientDelegate.getConnectedClusterDescription(MongoClientDelegate.java:147)
	at com.mongodb.client.internal.MongoClientDelegate.createClientSession(MongoClientDelegate.java:98)
	at com.mongodb.client.internal.MongoClientDelegate$DelegateOperationExecutor.getClientSession(MongoClientDelegate.java:278)
	at com.mongodb.client.internal.MongoClientDelegate$DelegateOperationExecutor.execute(MongoClientDelegate.java:202)
	at com.mongodb.client.internal.MongoCollectionImpl.executeBulkWrite(MongoCollectionImpl.java:441)
	at com.mongodb.client.internal.MongoCollectionImpl.bulkWrite(MongoCollectionImpl.java:421)
	at com.mongodb.spark.MongoSpark$.$anonfun$save$4(MongoSpark.scala:138)
	at scala.collection.Iterator.foreach(Iterator.scala:943)
	at scala.collection.Iterator.foreach$(Iterator.scala:943)
	at scala.collection.AbstractIterator.foreach(Iterator.scala:1431)
	at com.mongodb.spark.MongoSpark$.$anonfun$save$3(MongoSpark.scala:122)
	at com.mongodb.spark.MongoSpark$.$anonfun$save$3$adapted(MongoSpark.scala:121)
	at com.mongodb.spark.MongoConnector.$anonfun$withCollectionDo$1(MongoConnector.scala:186)
	at com.mongodb.spark.MongoConnector.$anonfun$withDatabaseDo$1(MongoConnector.scala:171)
	at com.mongodb.spark.MongoConnector.withMongoClientDo(MongoConnector.scala:154)
	at com.mongodb.spark.MongoConnector.withDatabaseDo(MongoConnector.scala:171)
	at com.mongodb.spark.MongoConnector.withCollectionDo(MongoConnector.scala:184)
	at com.mongodb.spark.MongoSpark$.$anonfun$save$2(MongoSpark.scala:121)
	at com.mongodb.spark.MongoSpark$.$anonfun$save$2$adapted(MongoSpark.scala:120)
	at org.apache.spark.rdd.RDD.$anonfun$foreachPartition$2(RDD.scala:1039)
	at org.apache.spark.rdd.RDD.$anonfun$foreachPartition$2$adapted(RDD.scala:1039)
	at org.apache.spark.SparkContext.$anonfun$runJob$5(SparkContext.scala:2433)
	at org.apache.spark.scheduler.ResultTask.runTask(ResultTask.scala:93)
	at org.apache.spark.TaskContext.runTaskWithListeners(TaskContext.scala:166)
	at org.apache.spark.scheduler.Task.run(Task.scala:141)
	at org.apache.spark.executor.Executor$TaskRunner.$anonfun$run$4(Executor.scala:620)
	at org.apache.spark.util.SparkErrorUtils.tryWithSafeFinally(SparkErrorUtils.scala:64)
	at org.apache.spark.util.SparkErrorUtils.tryWithSafeFinally$(SparkErrorUtils.scala:61)
	at org.apache.spark.util.Utils$.tryWithSafeFinally(Utils.scala:94)
	at org.apache.spark.executor.Executor$TaskRunner.run(Executor.scala:623)
	at java.util.concurrent.ThreadPoolExecutor.runWorker(ThreadPoolExecutor.java:1149)
	at java.util.concurrent.ThreadPoolExecutor$Worker.run(ThreadPoolExecutor.java:624)
	at java.lang.Thread.run(Thread.java:750)
25/04/26 10:39:29 ERROR Executor: Exception in task 6.0 in stage 0.0 (TID 6)
com.mongodb.MongoTimeoutException: Timed out after 30000 ms while waiting to connect. Client view of cluster state is {type=UNKNOWN, servers=[{address=localhost:27017, type=UNKNOWN, state=CONNECTING, exception={com.mongodb.MongoSocketOpenException: Exception opening socket}, caused by {java.net.ConnectException: Connection refused (Connection refused)}}]
	at com.mongodb.internal.connection.BaseCluster.getDescription(BaseCluster.java:177)
	at com.mongodb.internal.connection.SingleServerCluster.getDescription(SingleServerCluster.java:41)
	at com.mongodb.client.internal.MongoClientDelegate.getConnectedClusterDescription(MongoClientDelegate.java:147)
	at com.mongodb.client.internal.MongoClientDelegate.createClientSession(MongoClientDelegate.java:98)
	at com.mongodb.client.internal.MongoClientDelegate$DelegateOperationExecutor.getClientSession(MongoClientDelegate.java:278)
	at com.mongodb.client.internal.MongoClientDelegate$DelegateOperationExecutor.execute(MongoClientDelegate.java:202)
	at com.mongodb.client.internal.MongoCollectionImpl.executeBulkWrite(MongoCollectionImpl.java:441)
	at com.mongodb.client.internal.MongoCollectionImpl.bulkWrite(MongoCollectionImpl.java:421)
	at com.mongodb.spark.MongoSpark$.$anonfun$save$4(MongoSpark.scala:138)
	at scala.collection.Iterator.foreach(Iterator.scala:943)
	at scala.collection.Iterator.foreach$(Iterator.scala:943)
	at scala.collection.AbstractIterator.foreach(Iterator.scala:1431)
	at com.mongodb.spark.MongoSpark$.$anonfun$save$3(MongoSpark.scala:122)
	at com.mongodb.spark.MongoSpark$.$anonfun$save$3$adapted(MongoSpark.scala:121)
	at com.mongodb.spark.MongoConnector.$anonfun$withCollectionDo$1(MongoConnector.scala:186)
	at com.mongodb.spark.MongoConnector.$anonfun$withDatabaseDo$1(MongoConnector.scala:171)
	at com.mongodb.spark.MongoConnector.withMongoClientDo(MongoConnector.scala:154)
	at com.mongodb.spark.MongoConnector.withDatabaseDo(MongoConnector.scala:171)
	at com.mongodb.spark.MongoConnector.withCollectionDo(MongoConnector.scala:184)
	at com.mongodb.spark.MongoSpark$.$anonfun$save$2(MongoSpark.scala:121)
	at com.mongodb.spark.MongoSpark$.$anonfun$save$2$adapted(MongoSpark.scala:120)
	at org.apache.spark.rdd.RDD.$anonfun$foreachPartition$2(RDD.scala:1039)
	at org.apache.spark.rdd.RDD.$anonfun$foreachPartition$2$adapted(RDD.scala:1039)
	at org.apache.spark.SparkContext.$anonfun$runJob$5(SparkContext.scala:2433)
	at org.apache.spark.scheduler.ResultTask.runTask(ResultTask.scala:93)
	at org.apache.spark.TaskContext.runTaskWithListeners(TaskContext.scala:166)
	at org.apache.spark.scheduler.Task.run(Task.scala:141)
	at org.apache.spark.executor.Executor$TaskRunner.$anonfun$run$4(Executor.scala:620)
	at org.apache.spark.util.SparkErrorUtils.tryWithSafeFinally(SparkErrorUtils.scala:64)
	at org.apache.spark.util.SparkErrorUtils.tryWithSafeFinally$(SparkErrorUtils.scala:61)
	at org.apache.spark.util.Utils$.tryWithSafeFinally(Utils.scala:94)
	at org.apache.spark.executor.Executor$TaskRunner.run(Executor.scala:623)
	at java.util.concurrent.ThreadPoolExecutor.runWorker(ThreadPoolExecutor.java:1149)
	at java.util.concurrent.ThreadPoolExecutor$Worker.run(ThreadPoolExecutor.java:624)
	at java.lang.Thread.run(Thread.java:750)
25/04/26 10:39:29 ERROR Executor: Exception in task 2.0 in stage 0.0 (TID 2)
com.mongodb.MongoTimeoutException: Timed out after 30000 ms while waiting to connect. Client view of cluster state is {type=UNKNOWN, servers=[{address=localhost:27017, type=UNKNOWN, state=CONNECTING, exception={com.mongodb.MongoSocketOpenException: Exception opening socket}, caused by {java.net.ConnectException: Connection refused (Connection refused)}}]
	at com.mongodb.internal.connection.BaseCluster.getDescription(BaseCluster.java:177)
	at com.mongodb.internal.connection.SingleServerCluster.getDescription(SingleServerCluster.java:41)
	at com.mongodb.client.internal.MongoClientDelegate.getConnectedClusterDescription(MongoClientDelegate.java:147)
	at com.mongodb.client.internal.MongoClientDelegate.createClientSession(MongoClientDelegate.java:98)
	at com.mongodb.client.internal.MongoClientDelegate$DelegateOperationExecutor.getClientSession(MongoClientDelegate.java:278)
	at com.mongodb.client.internal.MongoClientDelegate$DelegateOperationExecutor.execute(MongoClientDelegate.java:202)
	at com.mongodb.client.internal.MongoCollectionImpl.executeBulkWrite(MongoCollectionImpl.java:441)
	at com.mongodb.client.internal.MongoCollectionImpl.bulkWrite(MongoCollectionImpl.java:421)
	at com.mongodb.spark.MongoSpark$.$anonfun$save$4(MongoSpark.scala:138)
	at scala.collection.Iterator.foreach(Iterator.scala:943)
	at scala.collection.Iterator.foreach$(Iterator.scala:943)
	at scala.collection.AbstractIterator.foreach(Iterator.scala:1431)
	at com.mongodb.spark.MongoSpark$.$anonfun$save$3(MongoSpark.scala:122)
	at com.mongodb.spark.MongoSpark$.$anonfun$save$3$adapted(MongoSpark.scala:121)
	at com.mongodb.spark.MongoConnector.$anonfun$withCollectionDo$1(MongoConnector.scala:186)
	at com.mongodb.spark.MongoConnector.$anonfun$withDatabaseDo$1(MongoConnector.scala:171)
	at com.mongodb.spark.MongoConnector.withMongoClientDo(MongoConnector.scala:154)
	at com.mongodb.spark.MongoConnector.withDatabaseDo(MongoConnector.scala:171)
	at com.mongodb.spark.MongoConnector.withCollectionDo(MongoConnector.scala:184)
	at com.mongodb.spark.MongoSpark$.$anonfun$save$2(MongoSpark.scala:121)
	at com.mongodb.spark.MongoSpark$.$anonfun$save$2$adapted(MongoSpark.scala:120)
	at org.apache.spark.rdd.RDD.$anonfun$foreachPartition$2(RDD.scala:1039)
	at org.apache.spark.rdd.RDD.$anonfun$foreachPartition$2$adapted(RDD.scala:1039)
	at org.apache.spark.SparkContext.$anonfun$runJob$5(SparkContext.scala:2433)
	at org.apache.spark.scheduler.ResultTask.runTask(ResultTask.scala:93)
	at org.apache.spark.TaskContext.runTaskWithListeners(TaskContext.scala:166)
	at org.apache.spark.scheduler.Task.run(Task.scala:141)
	at org.apache.spark.executor.Executor$TaskRunner.$anonfun$run$4(Executor.scala:620)
	at org.apache.spark.util.SparkErrorUtils.tryWithSafeFinally(SparkErrorUtils.scala:64)
	at org.apache.spark.util.SparkErrorUtils.tryWithSafeFinally$(SparkErrorUtils.scala:61)
	at org.apache.spark.util.Utils$.tryWithSafeFinally(Utils.scala:94)
	at org.apache.spark.executor.Executor$TaskRunner.run(Executor.scala:623)
	at java.util.concurrent.ThreadPoolExecutor.runWorker(ThreadPoolExecutor.java:1149)
	at java.util.concurrent.ThreadPoolExecutor$Worker.run(ThreadPoolExecutor.java:624)
	at java.lang.Thread.run(Thread.java:750)
25/04/26 10:39:29 ERROR Executor: Exception in task 4.0 in stage 0.0 (TID 4)
com.mongodb.MongoTimeoutException: Timed out after 30000 ms while waiting to connect. Client view of cluster state is {type=UNKNOWN, servers=[{address=localhost:27017, type=UNKNOWN, state=CONNECTING, exception={com.mongodb.MongoSocketOpenException: Exception opening socket}, caused by {java.net.ConnectException: Connection refused (Connection refused)}}]
	at com.mongodb.internal.connection.BaseCluster.getDescription(BaseCluster.java:177)
	at com.mongodb.internal.connection.SingleServerCluster.getDescription(SingleServerCluster.java:41)
	at com.mongodb.client.internal.MongoClientDelegate.getConnectedClusterDescription(MongoClientDelegate.java:147)
	at com.mongodb.client.internal.MongoClientDelegate.createClientSession(MongoClientDelegate.java:98)
	at com.mongodb.client.internal.MongoClientDelegate$DelegateOperationExecutor.getClientSession(MongoClientDelegate.java:278)
	at com.mongodb.client.internal.MongoClientDelegate$DelegateOperationExecutor.execute(MongoClientDelegate.java:202)
	at com.mongodb.client.internal.MongoCollectionImpl.executeBulkWrite(MongoCollectionImpl.java:441)
	at com.mongodb.client.internal.MongoCollectionImpl.bulkWrite(MongoCollectionImpl.java:421)
	at com.mongodb.spark.MongoSpark$.$anonfun$save$4(MongoSpark.scala:138)
	at scala.collection.Iterator.foreach(Iterator.scala:943)
	at scala.collection.Iterator.foreach$(Iterator.scala:943)
	at scala.collection.AbstractIterator.foreach(Iterator.scala:1431)
	at com.mongodb.spark.MongoSpark$.$anonfun$save$3(MongoSpark.scala:122)
	at com.mongodb.spark.MongoSpark$.$anonfun$save$3$adapted(MongoSpark.scala:121)
	at com.mongodb.spark.MongoConnector.$anonfun$withCollectionDo$1(MongoConnector.scala:186)
	at com.mongodb.spark.MongoConnector.$anonfun$withDatabaseDo$1(MongoConnector.scala:171)
	at com.mongodb.spark.MongoConnector.withMongoClientDo(MongoConnector.scala:154)
	at com.mongodb.spark.MongoConnector.withDatabaseDo(MongoConnector.scala:171)
	at com.mongodb.spark.MongoConnector.withCollectionDo(MongoConnector.scala:184)
	at com.mongodb.spark.MongoSpark$.$anonfun$save$2(MongoSpark.scala:121)
	at com.mongodb.spark.MongoSpark$.$anonfun$save$2$adapted(MongoSpark.scala:120)
	at org.apache.spark.rdd.RDD.$anonfun$foreachPartition$2(RDD.scala:1039)
	at org.apache.spark.rdd.RDD.$anonfun$foreachPartition$2$adapted(RDD.scala:1039)
	at org.apache.spark.SparkContext.$anonfun$runJob$5(SparkContext.scala:2433)
	at org.apache.spark.scheduler.ResultTask.runTask(ResultTask.scala:93)
	at org.apache.spark.TaskContext.runTaskWithListeners(TaskContext.scala:166)
	at org.apache.spark.scheduler.Task.run(Task.scala:141)
	at org.apache.spark.executor.Executor$TaskRunner.$anonfun$run$4(Executor.scala:620)
	at org.apache.spark.util.SparkErrorUtils.tryWithSafeFinally(SparkErrorUtils.scala:64)
	at org.apache.spark.util.SparkErrorUtils.tryWithSafeFinally$(SparkErrorUtils.scala:61)
	at org.apache.spark.util.Utils$.tryWithSafeFinally(Utils.scala:94)
	at org.apache.spark.executor.Executor$TaskRunner.run(Executor.scala:623)
	at java.util.concurrent.ThreadPoolExecutor.runWorker(ThreadPoolExecutor.java:1149)
	at java.util.concurrent.ThreadPoolExecutor$Worker.run(ThreadPoolExecutor.java:624)
	at java.lang.Thread.run(Thread.java:750)
25/04/26 10:39:29 ERROR Executor: Exception in task 1.0 in stage 0.0 (TID 1)
com.mongodb.MongoTimeoutException: Timed out after 30000 ms while waiting to connect. Client view of cluster state is {type=UNKNOWN, servers=[{address=localhost:27017, type=UNKNOWN, state=CONNECTING, exception={com.mongodb.MongoSocketOpenException: Exception opening socket}, caused by {java.net.ConnectException: Connection refused (Connection refused)}}]
	at com.mongodb.internal.connection.BaseCluster.getDescription(BaseCluster.java:177)
	at com.mongodb.internal.connection.SingleServerCluster.getDescription(SingleServerCluster.java:41)
	at com.mongodb.client.internal.MongoClientDelegate.getConnectedClusterDescription(MongoClientDelegate.java:147)
	at com.mongodb.client.internal.MongoClientDelegate.createClientSession(MongoClientDelegate.java:98)
	at com.mongodb.client.internal.MongoClientDelegate$DelegateOperationExecutor.getClientSession(MongoClientDelegate.java:278)
	at com.mongodb.client.internal.MongoClientDelegate$DelegateOperationExecutor.execute(MongoClientDelegate.java:202)
	at com.mongodb.client.internal.MongoCollectionImpl.executeBulkWrite(MongoCollectionImpl.java:441)
	at com.mongodb.client.internal.MongoCollectionImpl.bulkWrite(MongoCollectionImpl.java:421)
	at com.mongodb.spark.MongoSpark$.$anonfun$save$4(MongoSpark.scala:138)
	at scala.collection.Iterator.foreach(Iterator.scala:943)
	at scala.collection.Iterator.foreach$(Iterator.scala:943)
	at scala.collection.AbstractIterator.foreach(Iterator.scala:1431)
	at com.mongodb.spark.MongoSpark$.$anonfun$save$3(MongoSpark.scala:122)
	at com.mongodb.spark.MongoSpark$.$anonfun$save$3$adapted(MongoSpark.scala:121)
	at com.mongodb.spark.MongoConnector.$anonfun$withCollectionDo$1(MongoConnector.scala:186)
	at com.mongodb.spark.MongoConnector.$anonfun$withDatabaseDo$1(MongoConnector.scala:171)
	at com.mongodb.spark.MongoConnector.withMongoClientDo(MongoConnector.scala:154)
	at com.mongodb.spark.MongoConnector.withDatabaseDo(MongoConnector.scala:171)
	at com.mongodb.spark.MongoConnector.withCollectionDo(MongoConnector.scala:184)
	at com.mongodb.spark.MongoSpark$.$anonfun$save$2(MongoSpark.scala:121)
	at com.mongodb.spark.MongoSpark$.$anonfun$save$2$adapted(MongoSpark.scala:120)
	at org.apache.spark.rdd.RDD.$anonfun$foreachPartition$2(RDD.scala:1039)
	at org.apache.spark.rdd.RDD.$anonfun$foreachPartition$2$adapted(RDD.scala:1039)
	at org.apache.spark.SparkContext.$anonfun$runJob$5(SparkContext.scala:2433)
	at org.apache.spark.scheduler.ResultTask.runTask(ResultTask.scala:93)
	at org.apache.spark.TaskContext.runTaskWithListeners(TaskContext.scala:166)
	at org.apache.spark.scheduler.Task.run(Task.scala:141)
	at org.apache.spark.executor.Executor$TaskRunner.$anonfun$run$4(Executor.scala:620)
	at org.apache.spark.util.SparkErrorUtils.tryWithSafeFinally(SparkErrorUtils.scala:64)
	at org.apache.spark.util.SparkErrorUtils.tryWithSafeFinally$(SparkErrorUtils.scala:61)
	at org.apache.spark.util.Utils$.tryWithSafeFinally(Utils.scala:94)
	at org.apache.spark.executor.Executor$TaskRunner.run(Executor.scala:623)
	at java.util.concurrent.ThreadPoolExecutor.runWorker(ThreadPoolExecutor.java:1149)
	at java.util.concurrent.ThreadPoolExecutor$Worker.run(ThreadPoolExecutor.java:624)
	at java.lang.Thread.run(Thread.java:750)
25/04/26 10:39:29 ERROR Executor: Exception in task 3.0 in stage 0.0 (TID 3)
com.mongodb.MongoTimeoutException: Timed out after 30000 ms while waiting to connect. Client view of cluster state is {type=UNKNOWN, servers=[{address=localhost:27017, type=UNKNOWN, state=CONNECTING, exception={com.mongodb.MongoSocketOpenException: Exception opening socket}, caused by {java.net.ConnectException: Connection refused (Connection refused)}}]
	at com.mongodb.internal.connection.BaseCluster.getDescription(BaseCluster.java:177)
	at com.mongodb.internal.connection.SingleServerCluster.getDescription(SingleServerCluster.java:41)
	at com.mongodb.client.internal.MongoClientDelegate.getConnectedClusterDescription(MongoClientDelegate.java:147)
	at com.mongodb.client.internal.MongoClientDelegate.createClientSession(MongoClientDelegate.java:98)
	at com.mongodb.client.internal.MongoClientDelegate$DelegateOperationExecutor.getClientSession(MongoClientDelegate.java:278)
	at com.mongodb.client.internal.MongoClientDelegate$DelegateOperationExecutor.execute(MongoClientDelegate.java:202)
	at com.mongodb.client.internal.MongoCollectionImpl.executeBulkWrite(MongoCollectionImpl.java:441)
	at com.mongodb.client.internal.MongoCollectionImpl.bulkWrite(MongoCollectionImpl.java:421)
	at com.mongodb.spark.MongoSpark$.$anonfun$save$4(MongoSpark.scala:138)
	at scala.collection.Iterator.foreach(Iterator.scala:943)
	at scala.collection.Iterator.foreach$(Iterator.scala:943)
	at scala.collection.AbstractIterator.foreach(Iterator.scala:1431)
	at com.mongodb.spark.MongoSpark$.$anonfun$save$3(MongoSpark.scala:122)
	at com.mongodb.spark.MongoSpark$.$anonfun$save$3$adapted(MongoSpark.scala:121)
	at com.mongodb.spark.MongoConnector.$anonfun$withCollectionDo$1(MongoConnector.scala:186)
	at com.mongodb.spark.MongoConnector.$anonfun$withDatabaseDo$1(MongoConnector.scala:171)
	at com.mongodb.spark.MongoConnector.withMongoClientDo(MongoConnector.scala:154)
	at com.mongodb.spark.MongoConnector.withDatabaseDo(MongoConnector.scala:171)
	at com.mongodb.spark.MongoConnector.withCollectionDo(MongoConnector.scala:184)
	at com.mongodb.spark.MongoSpark$.$anonfun$save$2(MongoSpark.scala:121)
	at com.mongodb.spark.MongoSpark$.$anonfun$save$2$adapted(MongoSpark.scala:120)
	at org.apache.spark.rdd.RDD.$anonfun$foreachPartition$2(RDD.scala:1039)
	at org.apache.spark.rdd.RDD.$anonfun$foreachPartition$2$adapted(RDD.scala:1039)
	at org.apache.spark.SparkContext.$anonfun$runJob$5(SparkContext.scala:2433)
	at org.apache.spark.scheduler.ResultTask.runTask(ResultTask.scala:93)
	at org.apache.spark.TaskContext.runTaskWithListeners(TaskContext.scala:166)
	at org.apache.spark.scheduler.Task.run(Task.scala:141)
	at org.apache.spark.executor.Executor$TaskRunner.$anonfun$run$4(Executor.scala:620)
	at org.apache.spark.util.SparkErrorUtils.tryWithSafeFinally(SparkErrorUtils.scala:64)
	at org.apache.spark.util.SparkErrorUtils.tryWithSafeFinally$(SparkErrorUtils.scala:61)
	at org.apache.spark.util.Utils$.tryWithSafeFinally(Utils.scala:94)
	at org.apache.spark.executor.Executor$TaskRunner.run(Executor.scala:623)
	at java.util.concurrent.ThreadPoolExecutor.runWorker(ThreadPoolExecutor.java:1149)
	at java.util.concurrent.ThreadPoolExecutor$Worker.run(ThreadPoolExecutor.java:624)
	at java.lang.Thread.run(Thread.java:750)
25/04/26 10:39:29 ERROR Executor: Exception in task 0.0 in stage 0.0 (TID 0)
com.mongodb.MongoTimeoutException: Timed out after 30000 ms while waiting to connect. Client view of cluster state is {type=UNKNOWN, servers=[{address=localhost:27017, type=UNKNOWN, state=CONNECTING, exception={com.mongodb.MongoSocketOpenException: Exception opening socket}, caused by {java.net.ConnectException: Connection refused (Connection refused)}}]
	at com.mongodb.internal.connection.BaseCluster.getDescription(BaseCluster.java:177)
	at com.mongodb.internal.connection.SingleServerCluster.getDescription(SingleServerCluster.java:41)
	at com.mongodb.client.internal.MongoClientDelegate.getConnectedClusterDescription(MongoClientDelegate.java:147)
	at com.mongodb.client.internal.MongoClientDelegate.createClientSession(MongoClientDelegate.java:98)
	at com.mongodb.client.internal.MongoClientDelegate$DelegateOperationExecutor.getClientSession(MongoClientDelegate.java:278)
	at com.mongodb.client.internal.MongoClientDelegate$DelegateOperationExecutor.execute(MongoClientDelegate.java:202)
	at com.mongodb.client.internal.MongoCollectionImpl.executeBulkWrite(MongoCollectionImpl.java:441)
	at com.mongodb.client.internal.MongoCollectionImpl.bulkWrite(MongoCollectionImpl.java:421)
	at com.mongodb.spark.MongoSpark$.$anonfun$save$4(MongoSpark.scala:138)
	at scala.collection.Iterator.foreach(Iterator.scala:943)
	at scala.collection.Iterator.foreach$(Iterator.scala:943)
	at scala.collection.AbstractIterator.foreach(Iterator.scala:1431)
	at com.mongodb.spark.MongoSpark$.$anonfun$save$3(MongoSpark.scala:122)
	at com.mongodb.spark.MongoSpark$.$anonfun$save$3$adapted(MongoSpark.scala:121)
	at com.mongodb.spark.MongoConnector.$anonfun$withCollectionDo$1(MongoConnector.scala:186)
	at com.mongodb.spark.MongoConnector.$anonfun$withDatabaseDo$1(MongoConnector.scala:171)
	at com.mongodb.spark.MongoConnector.withMongoClientDo(MongoConnector.scala:154)
	at com.mongodb.spark.MongoConnector.withDatabaseDo(MongoConnector.scala:171)
	at com.mongodb.spark.MongoConnector.withCollectionDo(MongoConnector.scala:184)
	at com.mongodb.spark.MongoSpark$.$anonfun$save$2(MongoSpark.scala:121)
	at com.mongodb.spark.MongoSpark$.$anonfun$save$2$adapted(MongoSpark.scala:120)
	at org.apache.spark.rdd.RDD.$anonfun$foreachPartition$2(RDD.scala:1039)
	at org.apache.spark.rdd.RDD.$anonfun$foreachPartition$2$adapted(RDD.scala:1039)
	at org.apache.spark.SparkContext.$anonfun$runJob$5(SparkContext.scala:2433)
	at org.apache.spark.scheduler.ResultTask.runTask(ResultTask.scala:93)
	at org.apache.spark.TaskContext.runTaskWithListeners(TaskContext.scala:166)
	at org.apache.spark.scheduler.Task.run(Task.scala:141)
	at org.apache.spark.executor.Executor$TaskRunner.$anonfun$run$4(Executor.scala:620)
	at org.apache.spark.util.SparkErrorUtils.tryWithSafeFinally(SparkErrorUtils.scala:64)
	at org.apache.spark.util.SparkErrorUtils.tryWithSafeFinally$(SparkErrorUtils.scala:61)
	at org.apache.spark.util.Utils$.tryWithSafeFinally(Utils.scala:94)
	at org.apache.spark.executor.Executor$TaskRunner.run(Executor.scala:623)
	at java.util.concurrent.ThreadPoolExecutor.runWorker(ThreadPoolExecutor.java:1149)
	at java.util.concurrent.ThreadPoolExecutor$Worker.run(ThreadPoolExecutor.java:624)
	at java.lang.Thread.run(Thread.java:750)
25/04/26 10:39:29 ERROR Executor: Exception in task 5.0 in stage 0.0 (TID 5)
com.mongodb.MongoTimeoutException: Timed out after 30000 ms while waiting to connect. Client view of cluster state is {type=UNKNOWN, servers=[{address=localhost:27017, type=UNKNOWN, state=CONNECTING, exception={com.mongodb.MongoSocketOpenException: Exception opening socket}, caused by {java.net.ConnectException: Connection refused (Connection refused)}}]
	at com.mongodb.internal.connection.BaseCluster.getDescription(BaseCluster.java:177)
	at com.mongodb.internal.connection.SingleServerCluster.getDescription(SingleServerCluster.java:41)
	at com.mongodb.client.internal.MongoClientDelegate.getConnectedClusterDescription(MongoClientDelegate.java:147)
	at com.mongodb.client.internal.MongoClientDelegate.createClientSession(MongoClientDelegate.java:98)
	at com.mongodb.client.internal.MongoClientDelegate$DelegateOperationExecutor.getClientSession(MongoClientDelegate.java:278)
	at com.mongodb.client.internal.MongoClientDelegate$DelegateOperationExecutor.execute(MongoClientDelegate.java:202)
	at com.mongodb.client.internal.MongoCollectionImpl.executeBulkWrite(MongoCollectionImpl.java:441)
	at com.mongodb.client.internal.MongoCollectionImpl.bulkWrite(MongoCollectionImpl.java:421)
	at com.mongodb.spark.MongoSpark$.$anonfun$save$4(MongoSpark.scala:138)
	at scala.collection.Iterator.foreach(Iterator.scala:943)
	at scala.collection.Iterator.foreach$(Iterator.scala:943)
	at scala.collection.AbstractIterator.foreach(Iterator.scala:1431)
	at com.mongodb.spark.MongoSpark$.$anonfun$save$3(MongoSpark.scala:122)
	at com.mongodb.spark.MongoSpark$.$anonfun$save$3$adapted(MongoSpark.scala:121)
	at com.mongodb.spark.MongoConnector.$anonfun$withCollectionDo$1(MongoConnector.scala:186)
	at com.mongodb.spark.MongoConnector.$anonfun$withDatabaseDo$1(MongoConnector.scala:171)
	at com.mongodb.spark.MongoConnector.withMongoClientDo(MongoConnector.scala:154)
	at com.mongodb.spark.MongoConnector.withDatabaseDo(MongoConnector.scala:171)
	at com.mongodb.spark.MongoConnector.withCollectionDo(MongoConnector.scala:184)
	at com.mongodb.spark.MongoSpark$.$anonfun$save$2(MongoSpark.scala:121)
	at com.mongodb.spark.MongoSpark$.$anonfun$save$2$adapted(MongoSpark.scala:120)
	at org.apache.spark.rdd.RDD.$anonfun$foreachPartition$2(RDD.scala:1039)
	at org.apache.spark.rdd.RDD.$anonfun$foreachPartition$2$adapted(RDD.scala:1039)
	at org.apache.spark.SparkContext.$anonfun$runJob$5(SparkContext.scala:2433)
	at org.apache.spark.scheduler.ResultTask.runTask(ResultTask.scala:93)
	at org.apache.spark.TaskContext.runTaskWithListeners(TaskContext.scala:166)
	at org.apache.spark.scheduler.Task.run(Task.scala:141)
	at org.apache.spark.executor.Executor$TaskRunner.$anonfun$run$4(Executor.scala:620)
	at org.apache.spark.util.SparkErrorUtils.tryWithSafeFinally(SparkErrorUtils.scala:64)
	at org.apache.spark.util.SparkErrorUtils.tryWithSafeFinally$(SparkErrorUtils.scala:61)
	at org.apache.spark.util.Utils$.tryWithSafeFinally(Utils.scala:94)
	at org.apache.spark.executor.Executor$TaskRunner.run(Executor.scala:623)
	at java.util.concurrent.ThreadPoolExecutor.runWorker(ThreadPoolExecutor.java:1149)
	at java.util.concurrent.ThreadPoolExecutor$Worker.run(ThreadPoolExecutor.java:624)
	at java.lang.Thread.run(Thread.java:750)
25/04/26 10:39:29 ERROR Executor: Exception in task 12.0 in stage 0.0 (TID 12)
com.mongodb.MongoTimeoutException: Timed out after 30000 ms while waiting to connect. Client view of cluster state is {type=UNKNOWN, servers=[{address=localhost:27017, type=UNKNOWN, state=CONNECTING, exception={com.mongodb.MongoSocketOpenException: Exception opening socket}, caused by {java.net.ConnectException: Connection refused (Connection refused)}}]
	at com.mongodb.internal.connection.BaseCluster.getDescription(BaseCluster.java:177)
	at com.mongodb.internal.connection.SingleServerCluster.getDescription(SingleServerCluster.java:41)
	at com.mongodb.client.internal.MongoClientDelegate.getConnectedClusterDescription(MongoClientDelegate.java:147)
	at com.mongodb.client.internal.MongoClientDelegate.createClientSession(MongoClientDelegate.java:98)
	at com.mongodb.client.internal.MongoClientDelegate$DelegateOperationExecutor.getClientSession(MongoClientDelegate.java:278)
	at com.mongodb.client.internal.MongoClientDelegate$DelegateOperationExecutor.execute(MongoClientDelegate.java:202)
	at com.mongodb.client.internal.MongoCollectionImpl.executeBulkWrite(MongoCollectionImpl.java:441)
	at com.mongodb.client.internal.MongoCollectionImpl.bulkWrite(MongoCollectionImpl.java:421)
	at com.mongodb.spark.MongoSpark$.$anonfun$save$4(MongoSpark.scala:138)
	at scala.collection.Iterator.foreach(Iterator.scala:943)
	at scala.collection.Iterator.foreach$(Iterator.scala:943)
	at scala.collection.AbstractIterator.foreach(Iterator.scala:1431)
	at com.mongodb.spark.MongoSpark$.$anonfun$save$3(MongoSpark.scala:122)
	at com.mongodb.spark.MongoSpark$.$anonfun$save$3$adapted(MongoSpark.scala:121)
	at com.mongodb.spark.MongoConnector.$anonfun$withCollectionDo$1(MongoConnector.scala:186)
	at com.mongodb.spark.MongoConnector.$anonfun$withDatabaseDo$1(MongoConnector.scala:171)
	at com.mongodb.spark.MongoConnector.withMongoClientDo(MongoConnector.scala:154)
	at com.mongodb.spark.MongoConnector.withDatabaseDo(MongoConnector.scala:171)
	at com.mongodb.spark.MongoConnector.withCollectionDo(MongoConnector.scala:184)
	at com.mongodb.spark.MongoSpark$.$anonfun$save$2(MongoSpark.scala:121)
	at com.mongodb.spark.MongoSpark$.$anonfun$save$2$adapted(MongoSpark.scala:120)
	at org.apache.spark.rdd.RDD.$anonfun$foreachPartition$2(RDD.scala:1039)
	at org.apache.spark.rdd.RDD.$anonfun$foreachPartition$2$adapted(RDD.scala:1039)
	at org.apache.spark.SparkContext.$anonfun$runJob$5(SparkContext.scala:2433)
	at org.apache.spark.scheduler.ResultTask.runTask(ResultTask.scala:93)
	at org.apache.spark.TaskContext.runTaskWithListeners(TaskContext.scala:166)
	at org.apache.spark.scheduler.Task.run(Task.scala:141)
	at org.apache.spark.executor.Executor$TaskRunner.$anonfun$run$4(Executor.scala:620)
	at org.apache.spark.util.SparkErrorUtils.tryWithSafeFinally(SparkErrorUtils.scala:64)
	at org.apache.spark.util.SparkErrorUtils.tryWithSafeFinally$(SparkErrorUtils.scala:61)
	at org.apache.spark.util.Utils$.tryWithSafeFinally(Utils.scala:94)
	at org.apache.spark.executor.Executor$TaskRunner.run(Executor.scala:623)
	at java.util.concurrent.ThreadPoolExecutor.runWorker(ThreadPoolExecutor.java:1149)
	at java.util.concurrent.ThreadPoolExecutor$Worker.run(ThreadPoolExecutor.java:624)
	at java.lang.Thread.run(Thread.java:750)
25/04/26 10:39:29 WARN TaskSetManager: Lost task 9.0 in stage 0.0 (TID 9) (dgx-43.cm.cluster executor driver): com.mongodb.MongoTimeoutException: Timed out after 30000 ms while waiting to connect. Client view of cluster state is {type=UNKNOWN, servers=[{address=localhost:27017, type=UNKNOWN, state=CONNECTING, exception={com.mongodb.MongoSocketOpenException: Exception opening socket}, caused by {java.net.ConnectException: Connection refused (Connection refused)}}]
	at com.mongodb.internal.connection.BaseCluster.getDescription(BaseCluster.java:177)
	at com.mongodb.internal.connection.SingleServerCluster.getDescription(SingleServerCluster.java:41)
	at com.mongodb.client.internal.MongoClientDelegate.getConnectedClusterDescription(MongoClientDelegate.java:147)
	at com.mongodb.client.internal.MongoClientDelegate.createClientSession(MongoClientDelegate.java:98)
	at com.mongodb.client.internal.MongoClientDelegate$DelegateOperationExecutor.getClientSession(MongoClientDelegate.java:278)
	at com.mongodb.client.internal.MongoClientDelegate$DelegateOperationExecutor.execute(MongoClientDelegate.java:202)
	at com.mongodb.client.internal.MongoCollectionImpl.executeBulkWrite(MongoCollectionImpl.java:441)
	at com.mongodb.client.internal.MongoCollectionImpl.bulkWrite(MongoCollectionImpl.java:421)
	at com.mongodb.spark.MongoSpark$.$anonfun$save$4(MongoSpark.scala:138)
	at scala.collection.Iterator.foreach(Iterator.scala:943)
	at scala.collection.Iterator.foreach$(Iterator.scala:943)
	at scala.collection.AbstractIterator.foreach(Iterator.scala:1431)
	at com.mongodb.spark.MongoSpark$.$anonfun$save$3(MongoSpark.scala:122)
	at com.mongodb.spark.MongoSpark$.$anonfun$save$3$adapted(MongoSpark.scala:121)
	at com.mongodb.spark.MongoConnector.$anonfun$withCollectionDo$1(MongoConnector.scala:186)
	at com.mongodb.spark.MongoConnector.$anonfun$withDatabaseDo$1(MongoConnector.scala:171)
	at com.mongodb.spark.MongoConnector.withMongoClientDo(MongoConnector.scala:154)
	at com.mongodb.spark.MongoConnector.withDatabaseDo(MongoConnector.scala:171)
	at com.mongodb.spark.MongoConnector.withCollectionDo(MongoConnector.scala:184)
	at com.mongodb.spark.MongoSpark$.$anonfun$save$2(MongoSpark.scala:121)
	at com.mongodb.spark.MongoSpark$.$anonfun$save$2$adapted(MongoSpark.scala:120)
	at org.apache.spark.rdd.RDD.$anonfun$foreachPartition$2(RDD.scala:1039)
	at org.apache.spark.rdd.RDD.$anonfun$foreachPartition$2$adapted(RDD.scala:1039)
	at org.apache.spark.SparkContext.$anonfun$runJob$5(SparkContext.scala:2433)
	at org.apache.spark.scheduler.ResultTask.runTask(ResultTask.scala:93)
	at org.apache.spark.TaskContext.runTaskWithListeners(TaskContext.scala:166)
	at org.apache.spark.scheduler.Task.run(Task.scala:141)
	at org.apache.spark.executor.Executor$TaskRunner.$anonfun$run$4(Executor.scala:620)
	at org.apache.spark.util.SparkErrorUtils.tryWithSafeFinally(SparkErrorUtils.scala:64)
	at org.apache.spark.util.SparkErrorUtils.tryWithSafeFinally$(SparkErrorUtils.scala:61)
	at org.apache.spark.util.Utils$.tryWithSafeFinally(Utils.scala:94)
	at org.apache.spark.executor.Executor$TaskRunner.run(Executor.scala:623)
	at java.util.concurrent.ThreadPoolExecutor.runWorker(ThreadPoolExecutor.java:1149)
	at java.util.concurrent.ThreadPoolExecutor$Worker.run(ThreadPoolExecutor.java:624)
	at java.lang.Thread.run(Thread.java:750)

25/04/26 10:39:29 ERROR TaskSetManager: Task 9 in stage 0.0 failed 1 times; aborting job
Traceback (most recent call last):
  File "/home/yzhengbs/vinc/5003/project/train.py", line 576, in <module>
    load_data_time, imdb_spark_df, sst2_spark_df = load_data_to_mongodb(spark)
  File "/home/yzhengbs/vinc/5003/project/train.py", line 130, in load_data_to_mongodb
    imdb_spark_df.write.format("mongo").mode("append").save()
  File "/home/yzhengbs/anaconda3/envs/5003/lib/python3.9/site-packages/pyspark/sql/readwriter.py", line 1461, in save
    self._jwrite.save()
  File "/home/yzhengbs/anaconda3/envs/5003/lib/python3.9/site-packages/py4j/java_gateway.py", line 1322, in __call__
    return_value = get_return_value(
  File "/home/yzhengbs/anaconda3/envs/5003/lib/python3.9/site-packages/pyspark/errors/exceptions/captured.py", line 179, in deco
    return f(*a, **kw)
  File "/home/yzhengbs/anaconda3/envs/5003/lib/python3.9/site-packages/py4j/protocol.py", line 326, in get_return_value
    raise Py4JJavaError(
py4j.protocol.Py4JJavaError: An error occurred while calling o103.save.
: org.apache.spark.SparkException: Job aborted due to stage failure: Task 9 in stage 0.0 failed 1 times, most recent failure: Lost task 9.0 in stage 0.0 (TID 9) (dgx-43.cm.cluster executor driver): com.mongodb.MongoTimeoutException: Timed out after 30000 ms while waiting to connect. Client view of cluster state is {type=UNKNOWN, servers=[{address=localhost:27017, type=UNKNOWN, state=CONNECTING, exception={com.mongodb.MongoSocketOpenException: Exception opening socket}, caused by {java.net.ConnectException: Connection refused (Connection refused)}}]
	at com.mongodb.internal.connection.BaseCluster.getDescription(BaseCluster.java:177)
	at com.mongodb.internal.connection.SingleServerCluster.getDescription(SingleServerCluster.java:41)
	at com.mongodb.client.internal.MongoClientDelegate.getConnectedClusterDescription(MongoClientDelegate.java:147)
	at com.mongodb.client.internal.MongoClientDelegate.createClientSession(MongoClientDelegate.java:98)
	at com.mongodb.client.internal.MongoClientDelegate$DelegateOperationExecutor.getClientSession(MongoClientDelegate.java:278)
	at com.mongodb.client.internal.MongoClientDelegate$DelegateOperationExecutor.execute(MongoClientDelegate.java:202)
	at com.mongodb.client.internal.MongoCollectionImpl.executeBulkWrite(MongoCollectionImpl.java:441)
	at com.mongodb.client.internal.MongoCollectionImpl.bulkWrite(MongoCollectionImpl.java:421)
	at com.mongodb.spark.MongoSpark$.$anonfun$save$4(MongoSpark.scala:138)
	at scala.collection.Iterator.foreach(Iterator.scala:943)
	at scala.collection.Iterator.foreach$(Iterator.scala:943)
	at scala.collection.AbstractIterator.foreach(Iterator.scala:1431)
	at com.mongodb.spark.MongoSpark$.$anonfun$save$3(MongoSpark.scala:122)
	at com.mongodb.spark.MongoSpark$.$anonfun$save$3$adapted(MongoSpark.scala:121)
	at com.mongodb.spark.MongoConnector.$anonfun$withCollectionDo$1(MongoConnector.scala:186)
	at com.mongodb.spark.MongoConnector.$anonfun$withDatabaseDo$1(MongoConnector.scala:171)
	at com.mongodb.spark.MongoConnector.withMongoClientDo(MongoConnector.scala:154)
	at com.mongodb.spark.MongoConnector.withDatabaseDo(MongoConnector.scala:171)
	at com.mongodb.spark.MongoConnector.withCollectionDo(MongoConnector.scala:184)
	at com.mongodb.spark.MongoSpark$.$anonfun$save$2(MongoSpark.scala:121)
	at com.mongodb.spark.MongoSpark$.$anonfun$save$2$adapted(MongoSpark.scala:120)
	at org.apache.spark.rdd.RDD.$anonfun$foreachPartition$2(RDD.scala:1039)
	at org.apache.spark.rdd.RDD.$anonfun$foreachPartition$2$adapted(RDD.scala:1039)
	at org.apache.spark.SparkContext.$anonfun$runJob$5(SparkContext.scala:2433)
	at org.apache.spark.scheduler.ResultTask.runTask(ResultTask.scala:93)
	at org.apache.spark.TaskContext.runTaskWithListeners(TaskContext.scala:166)
	at org.apache.spark.scheduler.Task.run(Task.scala:141)
	at org.apache.spark.executor.Executor$TaskRunner.$anonfun$run$4(Executor.scala:620)
	at org.apache.spark.util.SparkErrorUtils.tryWithSafeFinally(SparkErrorUtils.scala:64)
	at org.apache.spark.util.SparkErrorUtils.tryWithSafeFinally$(SparkErrorUtils.scala:61)
	at org.apache.spark.util.Utils$.tryWithSafeFinally(Utils.scala:94)
	at org.apache.spark.executor.Executor$TaskRunner.run(Executor.scala:623)
	at java.util.concurrent.ThreadPoolExecutor.runWorker(ThreadPoolExecutor.java:1149)
	at java.util.concurrent.ThreadPoolExecutor$Worker.run(ThreadPoolExecutor.java:624)
	at java.lang.Thread.run(Thread.java:750)

Driver stacktrace:
	at org.apache.spark.scheduler.DAGScheduler.failJobAndIndependentStages(DAGScheduler.scala:2856)
	at org.apache.spark.scheduler.DAGScheduler.$anonfun$abortStage$2(DAGScheduler.scala:2792)
	at org.apache.spark.scheduler.DAGScheduler.$anonfun$abortStage$2$adapted(DAGScheduler.scala:2791)
	at scala.collection.mutable.ResizableArray.foreach(ResizableArray.scala:62)
	at scala.collection.mutable.ResizableArray.foreach$(ResizableArray.scala:55)
	at scala.collection.mutable.ArrayBuffer.foreach(ArrayBuffer.scala:49)
	at org.apache.spark.scheduler.DAGScheduler.abortStage(DAGScheduler.scala:2791)
	at org.apache.spark.scheduler.DAGScheduler.$anonfun$handleTaskSetFailed$1(DAGScheduler.scala:1247)
	at org.apache.spark.scheduler.DAGScheduler.$anonfun$handleTaskSetFailed$1$adapted(DAGScheduler.scala:1247)
	at scala.Option.foreach(Option.scala:407)
	at org.apache.spark.scheduler.DAGScheduler.handleTaskSetFailed(DAGScheduler.scala:1247)
	at org.apache.spark.scheduler.DAGSchedulerEventProcessLoop.doOnReceive(DAGScheduler.scala:3060)
	at org.apache.spark.scheduler.DAGSchedulerEventProcessLoop.onReceive(DAGScheduler.scala:2994)
	at org.apache.spark.scheduler.DAGSchedulerEventProcessLoop.onReceive(DAGScheduler.scala:2983)
	at org.apache.spark.util.EventLoop$$anon$1.run(EventLoop.scala:49)
	at org.apache.spark.scheduler.DAGScheduler.runJob(DAGScheduler.scala:989)
	at org.apache.spark.SparkContext.runJob(SparkContext.scala:2393)
	at org.apache.spark.SparkContext.runJob(SparkContext.scala:2414)
	at org.apache.spark.SparkContext.runJob(SparkContext.scala:2433)
	at org.apache.spark.SparkContext.runJob(SparkContext.scala:2458)
	at org.apache.spark.rdd.RDD.$anonfun$foreachPartition$1(RDD.scala:1039)
	at org.apache.spark.rdd.RDDOperationScope$.withScope(RDDOperationScope.scala:151)
	at org.apache.spark.rdd.RDDOperationScope$.withScope(RDDOperationScope.scala:112)
	at org.apache.spark.rdd.RDD.withScope(RDD.scala:410)
	at org.apache.spark.rdd.RDD.foreachPartition(RDD.scala:1037)
	at com.mongodb.spark.MongoSpark$.save(MongoSpark.scala:120)
	at com.mongodb.spark.MongoSpark$.save(MongoSpark.scala:169)
	at com.mongodb.spark.sql.DefaultSource.createRelation(DefaultSource.scala:70)
	at org.apache.spark.sql.execution.datasources.SaveIntoDataSourceCommand.run(SaveIntoDataSourceCommand.scala:48)
	at org.apache.spark.sql.execution.command.ExecutedCommandExec.sideEffectResult$lzycompute(commands.scala:75)
	at org.apache.spark.sql.execution.command.ExecutedCommandExec.sideEffectResult(commands.scala:73)
	at org.apache.spark.sql.execution.command.ExecutedCommandExec.executeCollect(commands.scala:84)
	at org.apache.spark.sql.execution.QueryExecution$$anonfun$eagerlyExecuteCommands$1.$anonfun$applyOrElse$1(QueryExecution.scala:107)
	at org.apache.spark.sql.execution.SQLExecution$.$anonfun$withNewExecutionId$6(SQLExecution.scala:125)
	at org.apache.spark.sql.execution.SQLExecution$.withSQLConfPropagated(SQLExecution.scala:201)
	at org.apache.spark.sql.execution.SQLExecution$.$anonfun$withNewExecutionId$1(SQLExecution.scala:108)
	at org.apache.spark.sql.SparkSession.withActive(SparkSession.scala:900)
	at org.apache.spark.sql.execution.SQLExecution$.withNewExecutionId(SQLExecution.scala:66)
	at org.apache.spark.sql.execution.QueryExecution$$anonfun$eagerlyExecuteCommands$1.applyOrElse(QueryExecution.scala:107)
	at org.apache.spark.sql.execution.QueryExecution$$anonfun$eagerlyExecuteCommands$1.applyOrElse(QueryExecution.scala:98)
	at org.apache.spark.sql.catalyst.trees.TreeNode.$anonfun$transformDownWithPruning$1(TreeNode.scala:461)
	at org.apache.spark.sql.catalyst.trees.CurrentOrigin$.withOrigin(origin.scala:76)
	at org.apache.spark.sql.catalyst.trees.TreeNode.transformDownWithPruning(TreeNode.scala:461)
	at org.apache.spark.sql.catalyst.plans.logical.LogicalPlan.org$apache$spark$sql$catalyst$plans$logical$AnalysisHelper$$super$transformDownWithPruning(LogicalPlan.scala:32)
	at org.apache.spark.sql.catalyst.plans.logical.AnalysisHelper.transformDownWithPruning(AnalysisHelper.scala:267)
	at org.apache.spark.sql.catalyst.plans.logical.AnalysisHelper.transformDownWithPruning$(AnalysisHelper.scala:263)
	at org.apache.spark.sql.catalyst.plans.logical.LogicalPlan.transformDownWithPruning(LogicalPlan.scala:32)
	at org.apache.spark.sql.catalyst.plans.logical.LogicalPlan.transformDownWithPruning(LogicalPlan.scala:32)
	at org.apache.spark.sql.catalyst.trees.TreeNode.transformDown(TreeNode.scala:437)
	at org.apache.spark.sql.execution.QueryExecution.eagerlyExecuteCommands(QueryExecution.scala:98)
	at org.apache.spark.sql.execution.QueryExecution.commandExecuted$lzycompute(QueryExecution.scala:85)
	at org.apache.spark.sql.execution.QueryExecution.commandExecuted(QueryExecution.scala:83)
	at org.apache.spark.sql.execution.QueryExecution.assertCommandExecuted(QueryExecution.scala:142)
	at org.apache.spark.sql.DataFrameWriter.runCommand(DataFrameWriter.scala:869)
	at org.apache.spark.sql.DataFrameWriter.saveToV1Source(DataFrameWriter.scala:391)
	at org.apache.spark.sql.DataFrameWriter.saveInternal(DataFrameWriter.scala:364)
	at org.apache.spark.sql.DataFrameWriter.save(DataFrameWriter.scala:251)
	at sun.reflect.NativeMethodAccessorImpl.invoke0(Native Method)
	at sun.reflect.NativeMethodAccessorImpl.invoke(NativeMethodAccessorImpl.java:62)
	at sun.reflect.DelegatingMethodAccessorImpl.invoke(DelegatingMethodAccessorImpl.java:43)
	at java.lang.reflect.Method.invoke(Method.java:498)
	at py4j.reflection.MethodInvoker.invoke(MethodInvoker.java:244)
	at py4j.reflection.ReflectionEngine.invoke(ReflectionEngine.java:374)
	at py4j.Gateway.invoke(Gateway.java:282)
	at py4j.commands.AbstractCommand.invokeMethod(AbstractCommand.java:132)
	at py4j.commands.CallCommand.execute(CallCommand.java:79)
	at py4j.ClientServerConnection.waitForCommands(ClientServerConnection.java:182)
	at py4j.ClientServerConnection.run(ClientServerConnection.java:106)
	at java.lang.Thread.run(Thread.java:750)
Caused by: com.mongodb.MongoTimeoutException: Timed out after 30000 ms while waiting to connect. Client view of cluster state is {type=UNKNOWN, servers=[{address=localhost:27017, type=UNKNOWN, state=CONNECTING, exception={com.mongodb.MongoSocketOpenException: Exception opening socket}, caused by {java.net.ConnectException: Connection refused (Connection refused)}}]
	at com.mongodb.internal.connection.BaseCluster.getDescription(BaseCluster.java:177)
	at com.mongodb.internal.connection.SingleServerCluster.getDescription(SingleServerCluster.java:41)
	at com.mongodb.client.internal.MongoClientDelegate.getConnectedClusterDescription(MongoClientDelegate.java:147)
	at com.mongodb.client.internal.MongoClientDelegate.createClientSession(MongoClientDelegate.java:98)
	at com.mongodb.client.internal.MongoClientDelegate$DelegateOperationExecutor.getClientSession(MongoClientDelegate.java:278)
	at com.mongodb.client.internal.MongoClientDelegate$DelegateOperationExecutor.execute(MongoClientDelegate.java:202)
	at com.mongodb.client.internal.MongoCollectionImpl.executeBulkWrite(MongoCollectionImpl.java:441)
	at com.mongodb.client.internal.MongoCollectionImpl.bulkWrite(MongoCollectionImpl.java:421)
	at com.mongodb.spark.MongoSpark$.$anonfun$save$4(MongoSpark.scala:138)
	at scala.collection.Iterator.foreach(Iterator.scala:943)
	at scala.collection.Iterator.foreach$(Iterator.scala:943)
	at scala.collection.AbstractIterator.foreach(Iterator.scala:1431)
	at com.mongodb.spark.MongoSpark$.$anonfun$save$3(MongoSpark.scala:122)
	at com.mongodb.spark.MongoSpark$.$anonfun$save$3$adapted(MongoSpark.scala:121)
	at com.mongodb.spark.MongoConnector.$anonfun$withCollectionDo$1(MongoConnector.scala:186)
	at com.mongodb.spark.MongoConnector.$anonfun$withDatabaseDo$1(MongoConnector.scala:171)
	at com.mongodb.spark.MongoConnector.withMongoClientDo(MongoConnector.scala:154)
	at com.mongodb.spark.MongoConnector.withDatabaseDo(MongoConnector.scala:171)
	at com.mongodb.spark.MongoConnector.withCollectionDo(MongoConnector.scala:184)
	at com.mongodb.spark.MongoSpark$.$anonfun$save$2(MongoSpark.scala:121)
	at com.mongodb.spark.MongoSpark$.$anonfun$save$2$adapted(MongoSpark.scala:120)
	at org.apache.spark.rdd.RDD.$anonfun$foreachPartition$2(RDD.scala:1039)
	at org.apache.spark.rdd.RDD.$anonfun$foreachPartition$2$adapted(RDD.scala:1039)
	at org.apache.spark.SparkContext.$anonfun$runJob$5(SparkContext.scala:2433)
	at org.apache.spark.scheduler.ResultTask.runTask(ResultTask.scala:93)
	at org.apache.spark.TaskContext.runTaskWithListeners(TaskContext.scala:166)
	at org.apache.spark.scheduler.Task.run(Task.scala:141)
	at org.apache.spark.executor.Executor$TaskRunner.$anonfun$run$4(Executor.scala:620)
	at org.apache.spark.util.SparkErrorUtils.tryWithSafeFinally(SparkErrorUtils.scala:64)
	at org.apache.spark.util.SparkErrorUtils.tryWithSafeFinally$(SparkErrorUtils.scala:61)
	at org.apache.spark.util.Utils$.tryWithSafeFinally(Utils.scala:94)
	at org.apache.spark.executor.Executor$TaskRunner.run(Executor.scala:623)
	at java.util.concurrent.ThreadPoolExecutor.runWorker(ThreadPoolExecutor.java:1149)
	at java.util.concurrent.ThreadPoolExecutor$Worker.run(ThreadPoolExecutor.java:624)
	... 1 more

INFO:py4j.clientserver:Closing down clientserver connection
srun: error: dgx-43: task 0: Exited with exit code 1
mkdir: cannot create directory ‘mongodb’: File exists
about to fork child process, waiting until server is ready for connections.
forked process: 721861
child process started successfully, parent exiting
Current time: 20250426_194335, num_cpus[16], num_gpus[4], num_train_samples[10000], batch_size[16], epoches[10]
INFO:__main__:Initializing Spark...
INFO:__main__:16 cores for spark
:: loading settings :: url = jar:file:/home/yzhengbs/anaconda3/envs/5003/lib/python3.9/site-packages/pyspark/jars/ivy-2.5.1.jar!/org/apache/ivy/core/settings/ivysettings.xml
Ivy Default Cache set to: /home/yzhengbs/.ivy2/cache
The jars for the packages stored in: /home/yzhengbs/.ivy2/jars
org.mongodb.spark#mongo-spark-connector_2.12 added as a dependency
:: resolving dependencies :: org.apache.spark#spark-submit-parent-760d1701-3644-4705-b283-5ddff16642a0;1.0
	confs: [default]
	found org.mongodb.spark#mongo-spark-connector_2.12;3.0.1 in central
	found org.mongodb#mongodb-driver-sync;4.0.5 in central
	found org.mongodb#bson;4.0.5 in central
	found org.mongodb#mongodb-driver-core;4.0.5 in central
:: resolution report :: resolve 126ms :: artifacts dl 11ms
	:: modules in use:
	org.mongodb#bson;4.0.5 from central in [default]
	org.mongodb#mongodb-driver-core;4.0.5 from central in [default]
	org.mongodb#mongodb-driver-sync;4.0.5 from central in [default]
	org.mongodb.spark#mongo-spark-connector_2.12;3.0.1 from central in [default]
	---------------------------------------------------------------------
	|                  |            modules            ||   artifacts   |
	|       conf       | number| search|dwnlded|evicted|| number|dwnlded|
	---------------------------------------------------------------------
	|      default     |   4   |   0   |   0   |   0   ||   4   |   0   |
	---------------------------------------------------------------------
:: retrieving :: org.apache.spark#spark-submit-parent-760d1701-3644-4705-b283-5ddff16642a0
	confs: [default]
	0 artifacts copied, 4 already retrieved (0kB/5ms)
25/04/26 11:43:43 WARN NativeCodeLoader: Unable to load native-hadoop library for your platform... using builtin-java classes where applicable
Setting default log level to "WARN".
To adjust logging level use sc.setLogLevel(newLevel). For SparkR, use setLogLevel(newLevel).
INFO:__main__:No cached Parquet files found. Running full pipeline...
INFO:__main__:Loading data to MongoDB...
INFO:__main__:Loading IMDB dataset...
INFO:__main__:Loading SST-2 dataset...
INFO:__main__:Writing datasets to MongoDB...
25/04/26 11:44:04 WARN TaskSetManager: Stage 0 contains a task of very large size (3984 KiB). The maximum recommended task size is 1000 KiB.
[Stage 0:>                                                        (0 + 16) / 16][Stage 0:===>                                                     (1 + 15) / 16][Stage 0:=======================================>                 (11 + 5) / 16]                                                                                INFO:__main__:Data loading to MongoDB took 22.74 seconds
INFO:__main__:Distributed preprocessing and saving to Parquet...
INFO:__main__:Reading data from MongoDB...
INFO:__main__:Applying text preprocessing (lowercase, remove punctuation, non-alnum, continuous whitespace, strip)...
INFO:__main__:Tokenizing data...
INFO:__main__:num_samples[10000]
INFO:__main__:num_partitions 16
INFO:__main__:Writing Parquet files: train=processed_data/train_166796cfeda646eb9983a103d8482da8, test=processed_data/test_8e7a2041781c47059804507df33b64dd, sst2=processed_data/sst2_a641b7e655fb49a4bd6d464c8fdde1c8
25/04/26 11:44:08 WARN TaskSetManager: Stage 2 contains a task of very large size (3984 KiB). The maximum recommended task size is 1000 KiB.
[Stage 2:>                                                        (0 + 16) / 32][Stage 2:=>                                                       (1 + 16) / 32][Stage 2:=======>                                                 (4 + 16) / 32][Stage 2:==============>                                          (8 + 16) / 32][Stage 2:============================>                           (16 + 16) / 32][Stage 2:===============================>                        (18 + 14) / 32][Stage 2:=================================>                      (19 + 13) / 32][Stage 2:===================================>                    (20 + 12) / 32][Stage 2:======================================>                 (22 + 10) / 32][Stage 2:========================================>                (23 + 9) / 32][Stage 2:================================================>        (27 + 5) / 32][Stage 2:=======================================================> (31 + 1) / 32][Stage 7:>                                                        (0 + 16) / 16]                                                                                INFO:__main__:24.0196s for train_df partition
25/04/26 11:44:32 WARN TaskSetManager: Stage 8 contains a task of very large size (3984 KiB). The maximum recommended task size is 1000 KiB.
[Stage 8:>                                                        (0 + 16) / 32][Stage 8:===>                                                     (2 + 16) / 32][Stage 8:==============>                                          (8 + 16) / 32][Stage 8:==========================>                             (15 + 17) / 32][Stage 8:====================================>                   (21 + 11) / 32][Stage 8:======================================>                 (22 + 10) / 32][Stage 8:========================================>                (23 + 9) / 32][Stage 8:=========================================================(32 + 0) / 32]                                                                                INFO:__main__:14.5480s for test_df partition
25/04/26 11:44:46 WARN TaskSetManager: Stage 14 contains a task of very large size (3984 KiB). The maximum recommended task size is 1000 KiB.
[Stage 14:===========================>                           (16 + 16) / 32][Stage 14:======================================================> (31 + 1) / 32]                                                                                INFO:__main__:1.8999s for sst2_df partition
INFO:__main__:Distributed preprocessing took 40.64 seconds
INFO:__main__:Using 4 GPU(s)
INFO:__main__:Distributed fine-tuning...
INFO:__mp_main__:Rank 0: Assigned 4 files: ['processed_data/train_166796cfeda646eb9983a103d8482da8/part-00000-87ced295-af23-447b-82dc-233755f1c4a3-c000.snappy.parquet', 'processed_data/train_166796cfeda646eb9983a103d8482da8/part-00001-87ced295-af23-447b-82dc-233755f1c4a3-c000.snappy.parquet', 'processed_data/train_166796cfeda646eb9983a103d8482da8/part-00002-87ced295-af23-447b-82dc-233755f1c4a3-c000.snappy.parquet', 'processed_data/train_166796cfeda646eb9983a103d8482da8/part-00003-87ced295-af23-447b-82dc-233755f1c4a3-c000.snappy.parquet']
INFO:__mp_main__:Rank 0: Assigned 4 files: ['processed_data/test_8e7a2041781c47059804507df33b64dd/part-00000-1618a943-6ef0-44e9-ada8-d56ba2e5330d-c000.snappy.parquet', 'processed_data/test_8e7a2041781c47059804507df33b64dd/part-00001-1618a943-6ef0-44e9-ada8-d56ba2e5330d-c000.snappy.parquet', 'processed_data/test_8e7a2041781c47059804507df33b64dd/part-00002-1618a943-6ef0-44e9-ada8-d56ba2e5330d-c000.snappy.parquet', 'processed_data/test_8e7a2041781c47059804507df33b64dd/part-00003-1618a943-6ef0-44e9-ada8-d56ba2e5330d-c000.snappy.parquet']
INFO:__mp_main__:Rank 0: Assigned 4 files: ['processed_data/sst2_a641b7e655fb49a4bd6d464c8fdde1c8/part-00000-0b8fc612-0018-41d6-8c5d-200ce248296e-c000.snappy.parquet', 'processed_data/sst2_a641b7e655fb49a4bd6d464c8fdde1c8/part-00001-0b8fc612-0018-41d6-8c5d-200ce248296e-c000.snappy.parquet', 'processed_data/sst2_a641b7e655fb49a4bd6d464c8fdde1c8/part-00002-0b8fc612-0018-41d6-8c5d-200ce248296e-c000.snappy.parquet', 'processed_data/sst2_a641b7e655fb49a4bd6d464c8fdde1c8/part-00003-0b8fc612-0018-41d6-8c5d-200ce248296e-c000.snappy.parquet']
INFO:__mp_main__:Rank 3: Assigned 4 files: ['processed_data/train_166796cfeda646eb9983a103d8482da8/part-00012-87ced295-af23-447b-82dc-233755f1c4a3-c000.snappy.parquet', 'processed_data/train_166796cfeda646eb9983a103d8482da8/part-00013-87ced295-af23-447b-82dc-233755f1c4a3-c000.snappy.parquet', 'processed_data/train_166796cfeda646eb9983a103d8482da8/part-00014-87ced295-af23-447b-82dc-233755f1c4a3-c000.snappy.parquet', 'processed_data/train_166796cfeda646eb9983a103d8482da8/part-00015-87ced295-af23-447b-82dc-233755f1c4a3-c000.snappy.parquet']
INFO:__mp_main__:Rank 3: Assigned 4 files: ['processed_data/test_8e7a2041781c47059804507df33b64dd/part-00012-1618a943-6ef0-44e9-ada8-d56ba2e5330d-c000.snappy.parquet', 'processed_data/test_8e7a2041781c47059804507df33b64dd/part-00013-1618a943-6ef0-44e9-ada8-d56ba2e5330d-c000.snappy.parquet', 'processed_data/test_8e7a2041781c47059804507df33b64dd/part-00014-1618a943-6ef0-44e9-ada8-d56ba2e5330d-c000.snappy.parquet', 'processed_data/test_8e7a2041781c47059804507df33b64dd/part-00015-1618a943-6ef0-44e9-ada8-d56ba2e5330d-c000.snappy.parquet']
INFO:__mp_main__:Rank 3: Assigned 4 files: ['processed_data/sst2_a641b7e655fb49a4bd6d464c8fdde1c8/part-00012-0b8fc612-0018-41d6-8c5d-200ce248296e-c000.snappy.parquet', 'processed_data/sst2_a641b7e655fb49a4bd6d464c8fdde1c8/part-00013-0b8fc612-0018-41d6-8c5d-200ce248296e-c000.snappy.parquet', 'processed_data/sst2_a641b7e655fb49a4bd6d464c8fdde1c8/part-00014-0b8fc612-0018-41d6-8c5d-200ce248296e-c000.snappy.parquet', 'processed_data/sst2_a641b7e655fb49a4bd6d464c8fdde1c8/part-00015-0b8fc612-0018-41d6-8c5d-200ce248296e-c000.snappy.parquet']
INFO:__mp_main__:Rank 2: Assigned 4 files: ['processed_data/train_166796cfeda646eb9983a103d8482da8/part-00008-87ced295-af23-447b-82dc-233755f1c4a3-c000.snappy.parquet', 'processed_data/train_166796cfeda646eb9983a103d8482da8/part-00009-87ced295-af23-447b-82dc-233755f1c4a3-c000.snappy.parquet', 'processed_data/train_166796cfeda646eb9983a103d8482da8/part-00010-87ced295-af23-447b-82dc-233755f1c4a3-c000.snappy.parquet', 'processed_data/train_166796cfeda646eb9983a103d8482da8/part-00011-87ced295-af23-447b-82dc-233755f1c4a3-c000.snappy.parquet']
INFO:__mp_main__:Rank 1: Assigned 4 files: ['processed_data/train_166796cfeda646eb9983a103d8482da8/part-00004-87ced295-af23-447b-82dc-233755f1c4a3-c000.snappy.parquet', 'processed_data/train_166796cfeda646eb9983a103d8482da8/part-00005-87ced295-af23-447b-82dc-233755f1c4a3-c000.snappy.parquet', 'processed_data/train_166796cfeda646eb9983a103d8482da8/part-00006-87ced295-af23-447b-82dc-233755f1c4a3-c000.snappy.parquet', 'processed_data/train_166796cfeda646eb9983a103d8482da8/part-00007-87ced295-af23-447b-82dc-233755f1c4a3-c000.snappy.parquet']
INFO:__mp_main__:Rank 1: Assigned 4 files: ['processed_data/test_8e7a2041781c47059804507df33b64dd/part-00004-1618a943-6ef0-44e9-ada8-d56ba2e5330d-c000.snappy.parquet', 'processed_data/test_8e7a2041781c47059804507df33b64dd/part-00005-1618a943-6ef0-44e9-ada8-d56ba2e5330d-c000.snappy.parquet', 'processed_data/test_8e7a2041781c47059804507df33b64dd/part-00006-1618a943-6ef0-44e9-ada8-d56ba2e5330d-c000.snappy.parquet', 'processed_data/test_8e7a2041781c47059804507df33b64dd/part-00007-1618a943-6ef0-44e9-ada8-d56ba2e5330d-c000.snappy.parquet']
INFO:__mp_main__:Rank 2: Assigned 4 files: ['processed_data/test_8e7a2041781c47059804507df33b64dd/part-00008-1618a943-6ef0-44e9-ada8-d56ba2e5330d-c000.snappy.parquet', 'processed_data/test_8e7a2041781c47059804507df33b64dd/part-00009-1618a943-6ef0-44e9-ada8-d56ba2e5330d-c000.snappy.parquet', 'processed_data/test_8e7a2041781c47059804507df33b64dd/part-00010-1618a943-6ef0-44e9-ada8-d56ba2e5330d-c000.snappy.parquet', 'processed_data/test_8e7a2041781c47059804507df33b64dd/part-00011-1618a943-6ef0-44e9-ada8-d56ba2e5330d-c000.snappy.parquet']
INFO:__mp_main__:Rank 1: Assigned 4 files: ['processed_data/sst2_a641b7e655fb49a4bd6d464c8fdde1c8/part-00004-0b8fc612-0018-41d6-8c5d-200ce248296e-c000.snappy.parquet', 'processed_data/sst2_a641b7e655fb49a4bd6d464c8fdde1c8/part-00005-0b8fc612-0018-41d6-8c5d-200ce248296e-c000.snappy.parquet', 'processed_data/sst2_a641b7e655fb49a4bd6d464c8fdde1c8/part-00006-0b8fc612-0018-41d6-8c5d-200ce248296e-c000.snappy.parquet', 'processed_data/sst2_a641b7e655fb49a4bd6d464c8fdde1c8/part-00007-0b8fc612-0018-41d6-8c5d-200ce248296e-c000.snappy.parquet']
INFO:__mp_main__:Rank 2: Assigned 4 files: ['processed_data/sst2_a641b7e655fb49a4bd6d464c8fdde1c8/part-00008-0b8fc612-0018-41d6-8c5d-200ce248296e-c000.snappy.parquet', 'processed_data/sst2_a641b7e655fb49a4bd6d464c8fdde1c8/part-00009-0b8fc612-0018-41d6-8c5d-200ce248296e-c000.snappy.parquet', 'processed_data/sst2_a641b7e655fb49a4bd6d464c8fdde1c8/part-00010-0b8fc612-0018-41d6-8c5d-200ce248296e-c000.snappy.parquet', 'processed_data/sst2_a641b7e655fb49a4bd6d464c8fdde1c8/part-00011-0b8fc612-0018-41d6-8c5d-200ce248296e-c000.snappy.parquet']
INFO:__mp_main__:Rank 3: Local train batch count = 156, Global min train batch count = 156
INFO:__mp_main__:Rank 0: Local train batch count = 156, Global min train batch count = 156
INFO:__mp_main__:Rank 1: Local train batch count = 156, Global min train batch count = 156
INFO:__mp_main__:Rank 2: Local train batch count = 156, Global min train batch count = 156
INFO:__mp_main__:Rank 3: Local test batch count = 31, Global min test batch count = 31
INFO:__mp_main__:Rank 0: Local test batch count = 31, Global min test batch count = 31
INFO:__mp_main__:Rank 1: Local test batch count = 31, Global min test batch count = 31
INFO:__mp_main__:Rank 2: Local test batch count = 31, Global min test batch count = 31
INFO:__mp_main__:Rank 3: Local sst2_test batch count = 31, Global min sst2_test batch count = 31
INFO:__mp_main__:Rank 0: Local sst2_test batch count = 31, Global min sst2_test batch count = 31
INFO:__mp_main__:Rank 1: Local sst2_test batch count = 31, Global min sst2_test batch count = 31
INFO:__mp_main__:Rank 2: Local sst2_test batch count = 31, Global min sst2_test batch count = 31
Some weights of BertForSequenceClassification were not initialized from the model checkpoint at bert-base-uncased and are newly initialized: ['classifier.bias', 'classifier.weight']
You should probably TRAIN this model on a down-stream task to be able to use it for predictions and inference.
Some weights of BertForSequenceClassification were not initialized from the model checkpoint at bert-base-uncased and are newly initialized: ['classifier.bias', 'classifier.weight']
You should probably TRAIN this model on a down-stream task to be able to use it for predictions and inference.
Some weights of BertForSequenceClassification were not initialized from the model checkpoint at bert-base-uncased and are newly initialized: ['classifier.bias', 'classifier.weight']
You should probably TRAIN this model on a down-stream task to be able to use it for predictions and inference.
Some weights of BertForSequenceClassification were not initialized from the model checkpoint at bert-base-uncased and are newly initialized: ['classifier.bias', 'classifier.weight']
You should probably TRAIN this model on a down-stream task to be able to use it for predictions and inference.
INFO:__mp_main__:GPU[2], Epoch 1, Avg Loss: 2.6629
INFO:__mp_main__:GPU[3], Epoch 1, Avg Loss: 2.6629
INFO:__mp_main__:Epoch 1, Avg Training Loss: 0.6657
INFO:__mp_main__:GPU[0], Epoch 1, Avg Loss: 2.6629
INFO:__mp_main__:GPU[1], Epoch 1, Avg Loss: 2.6629
INFO:__mp_main__:Epoch 1, IMDB Test Eval Loss: 0.6011, Accuracy: 0.6492
INFO:__mp_main__:Epoch 1, SST-2 Test Eval Loss: 0.6359, Accuracy: 0.6270
INFO:__mp_main__:GPU[2], Epoch 2, Avg Loss: 1.9949
INFO:__mp_main__:GPU[1], Epoch 2, Avg Loss: 1.9949
INFO:__mp_main__:GPU[3], Epoch 2, Avg Loss: 1.9949
INFO:__mp_main__:Epoch 2, Avg Training Loss: 0.4987
INFO:__mp_main__:GPU[0], Epoch 2, Avg Loss: 1.9949
INFO:__mp_main__:Epoch 2, IMDB Test Eval Loss: 0.4342, Accuracy: 0.7964
INFO:__mp_main__:Epoch 2, SST-2 Test Eval Loss: 0.5065, Accuracy: 0.7419
INFO:__mp_main__:GPU[1], Epoch 3, Avg Loss: 1.6720
INFO:__mp_main__:GPU[3], Epoch 3, Avg Loss: 1.6720
INFO:__mp_main__:Epoch 3, Avg Training Loss: 0.4180
INFO:__mp_main__:GPU[0], Epoch 3, Avg Loss: 1.6720
INFO:__mp_main__:GPU[2], Epoch 3, Avg Loss: 1.6720
INFO:__mp_main__:Epoch 3, IMDB Test Eval Loss: 0.3233, Accuracy: 0.8690
INFO:__mp_main__:Epoch 3, SST-2 Test Eval Loss: 0.4749, Accuracy: 0.7460
INFO:__mp_main__:GPU[1], Epoch 4, Avg Loss: 1.5720
INFO:__mp_main__:GPU[2], Epoch 4, Avg Loss: 1.5720
INFO:__mp_main__:Epoch 4, Avg Training Loss: 0.3930
INFO:__mp_main__:GPU[0], Epoch 4, Avg Loss: 1.5720
INFO:__mp_main__:GPU[3], Epoch 4, Avg Loss: 1.5720
INFO:__mp_main__:Epoch 4, IMDB Test Eval Loss: 0.3029, Accuracy: 0.8851
INFO:__mp_main__:Epoch 4, SST-2 Test Eval Loss: 0.4560, Accuracy: 0.7480
INFO:__mp_main__:GPU[2], Epoch 5, Avg Loss: 1.5117
INFO:__mp_main__:Epoch 5, Avg Training Loss: 0.3779
INFO:__mp_main__:GPU[3], Epoch 5, Avg Loss: 1.5117
INFO:__mp_main__:GPU[1], Epoch 5, Avg Loss: 1.5117
INFO:__mp_main__:GPU[0], Epoch 5, Avg Loss: 1.5117
INFO:__mp_main__:Epoch 5, IMDB Test Eval Loss: 0.3197, Accuracy: 0.8770
INFO:__mp_main__:Epoch 5, SST-2 Test Eval Loss: 0.4630, Accuracy: 0.7500
INFO:__mp_main__:GPU[1], Epoch 6, Avg Loss: 1.4873
INFO:__mp_main__:Epoch 6, Avg Training Loss: 0.3718
INFO:__mp_main__:GPU[0], Epoch 6, Avg Loss: 1.4873
INFO:__mp_main__:GPU[3], Epoch 6, Avg Loss: 1.4873
INFO:__mp_main__:GPU[2], Epoch 6, Avg Loss: 1.4873
INFO:__mp_main__:Epoch 6, IMDB Test Eval Loss: 0.2885, Accuracy: 0.8972
INFO:__mp_main__:Epoch 6, SST-2 Test Eval Loss: 0.4394, Accuracy: 0.7560
INFO:__mp_main__:GPU[1], Epoch 7, Avg Loss: 1.4464
INFO:__mp_main__:GPU[3], Epoch 7, Avg Loss: 1.4464
INFO:__mp_main__:GPU[2], Epoch 7, Avg Loss: 1.4464
INFO:__mp_main__:Epoch 7, Avg Training Loss: 0.3616
INFO:__mp_main__:GPU[0], Epoch 7, Avg Loss: 1.4464
INFO:__mp_main__:Epoch 7, IMDB Test Eval Loss: 0.2958, Accuracy: 0.8831
INFO:__mp_main__:Epoch 7, SST-2 Test Eval Loss: 0.4460, Accuracy: 0.7540
INFO:__mp_main__:GPU[1], Epoch 8, Avg Loss: 1.3851
INFO:__mp_main__:Epoch 8, Avg Training Loss: 0.3463
INFO:__mp_main__:GPU[0], Epoch 8, Avg Loss: 1.3851
INFO:__mp_main__:GPU[2], Epoch 8, Avg Loss: 1.3851
INFO:__mp_main__:GPU[3], Epoch 8, Avg Loss: 1.3851
INFO:__mp_main__:Epoch 8, IMDB Test Eval Loss: 0.2924, Accuracy: 0.8851
INFO:__mp_main__:Epoch 8, SST-2 Test Eval Loss: 0.4386, Accuracy: 0.7581
INFO:__mp_main__:GPU[3], Epoch 9, Avg Loss: 1.3877
INFO:__mp_main__:GPU[1], Epoch 9, Avg Loss: 1.3877
INFO:__mp_main__:GPU[2], Epoch 9, Avg Loss: 1.3877
INFO:__mp_main__:Epoch 9, Avg Training Loss: 0.3469
INFO:__mp_main__:GPU[0], Epoch 9, Avg Loss: 1.3877
INFO:__mp_main__:Epoch 9, IMDB Test Eval Loss: 0.2862, Accuracy: 0.8911
INFO:__mp_main__:Epoch 9, SST-2 Test Eval Loss: 0.4363, Accuracy: 0.7621
INFO:__mp_main__:GPU[1], Epoch 10, Avg Loss: 1.4037
INFO:__mp_main__:GPU[3], Epoch 10, Avg Loss: 1.4037
INFO:__mp_main__:GPU[2], Epoch 10, Avg Loss: 1.4037
INFO:__mp_main__:Epoch 10, Avg Training Loss: 0.3509
INFO:__mp_main__:GPU[0], Epoch 10, Avg Loss: 1.4037
INFO:__mp_main__:Epoch 10, IMDB Test Eval Loss: 0.2840, Accuracy: 0.8911
INFO:__mp_main__:Epoch 10, SST-2 Test Eval Loss: 0.4305, Accuracy: 0.7621
INFO:__mp_main__:Training wall time (max across ranks): 63.80 seconds
slurmstepd: error: *** JOB 206927 ON dgx-34 CANCELLED AT 2025-04-26T19:53:57 DUE TO TIME LIMIT ***
srun: Job step aborted: Waiting up to 32 seconds for job step to finish.
slurmstepd: error: *** STEP 206927.0 ON dgx-34 CANCELLED AT 2025-04-26T19:53:57 DUE TO TIME LIMIT ***
